-------------------------------------------------------------------------------
Test set: co.oplo.cucumber.CucumberRunner
-------------------------------------------------------------------------------
Tests run: 7, Failures: 0, Errors: 2, Skipped: 1, Time elapsed: 10.461 sec <<< FAILURE! - in co.oplo.cucumber.CucumberRunner
And Send request to broker with access token(Scenario: Validate auth status)  Time elapsed: 0.015 sec  <<< ERROR!
net.serenitybdd.core.exceptions.SerenityManagedException: null
	at com.google.common.collect.ImmutableList.copyOf(ImmutableList.java:257)
	at net.thucydides.core.model.TestStep.getChildren(TestStep.java:230)
	at net.thucydides.core.model.TestStep.getChildResults(TestStep.java:292)
	at net.thucydides.core.model.TestStep.getResultFromChildren(TestStep.java:286)
	at net.thucydides.core.model.TestStep.getResult(TestStep.java:268)
	at net.thucydides.core.model.TestStep.getChildResults(TestStep.java:293)
	at net.thucydides.core.model.TestStep.getResultFromChildren(TestStep.java:286)
	at net.thucydides.core.model.TestStep.getResult(TestStep.java:268)
	at net.thucydides.core.model.TestStep.getChildResults(TestStep.java:293)
	at net.thucydides.core.model.TestStep.getResultFromChildren(TestStep.java:286)
	at net.thucydides.core.model.TestStep.getResult(TestStep.java:268)
	at net.thucydides.core.model.TestStep.getChildResults(TestStep.java:293)
	at net.thucydides.core.model.TestStep.getResultFromChildren(TestStep.java:286)
	at net.thucydides.core.model.TestStep.getResult(TestStep.java:268)
	at net.thucydides.core.model.TestStep.getChildResults(TestStep.java:293)
	at net.thucydides.core.model.TestStep.getResultFromChildren(TestStep.java:286)
	at net.thucydides.core.model.TestStep.getResult(TestStep.java:268)
	at net.thucydides.core.model.TestStep.getChildResults(TestStep.java:293)
	at net.thucydides.core.model.TestStep.getResultFromChildren(TestStep.java:286)
	at net.thucydides.core.model.TestStep.getResult(TestStep.java:268)
	at net.thucydides.core.model.TestStep.getChildResults(TestStep.java:293)
	at net.thucydides.core.model.TestStep.getResultFromChildren(TestStep.java:286)
	at net.thucydides.core.model.TestStep.getResult(TestStep.java:268)
	at net.thucydides.core.model.TestStep.getChildResults(TestStep.java:293)
	at net.thucydides.core.model.TestStep.getResultFromChildren(TestStep.java:286)
	at net.thucydides.core.model.TestStep.getResult(TestStep.java:268)
	at net.thucydides.core.model.TestStep.getChildResults(TestStep.java:293)
	at net.thucydides.core.model.TestStep.getResultFromChildren(TestStep.java:286)
	at net.thucydides.core.model.TestStep.getResult(TestStep.java:268)
	at net.thucydides.core.model.TestStep.getChildResults(TestStep.java:293)
	at net.thucydides.core.model.TestStep.getResultFromChildren(TestStep.java:286)
	at net.thucydides.core.model.TestStep.getResult(TestStep.java:268)
	at net.thucydides.core.model.TestStep.getChildResults(TestStep.java:293)
	at net.thucydides.core.model.TestStep.getResultFromChildren(TestStep.java:286)
	at net.thucydides.core.model.TestStep.getResult(TestStep.java:268)
	at net.thucydides.core.model.TestStep.getChildResults(TestStep.java:293)
	at net.thucydides.core.model.TestStep.getResultFromChildren(TestStep.java:286)
	at net.thucydides.core.model.TestStep.getResult(TestStep.java:268)
	at net.thucydides.core.model.TestStep.getChildResults(TestStep.java:293)
	at net.thucydides.core.model.TestStep.getResultFromChildren(TestStep.java:286)
	at net.thucydides.core.model.TestStep.getResult(TestStep.java:268)
	at net.thucydides.core.model.TestStep.getChildResults(TestStep.java:293)
	at net.thucydides.core.model.TestStep.getResultFromChildren(TestStep.java:286)
	at net.thucydides.core.model.TestStep.getResult(TestStep.java:268)
	at net.thucydides.core.model.TestStep.getChildResults(TestStep.java:293)
	at net.thucydides.core.model.TestStep.getResultFromChildren(TestStep.java:286)
	at net.thucydides.core.model.TestStep.getResult(TestStep.java:268)
	at net.thucydides.core.model.TestStep.getChildResults(TestStep.java:293)
	at net.thucydides.core.model.TestStep.getResultFromChildren(TestStep.java:286)
	at net.thucydides.core.model.TestStep.getResult(TestStep.java:268)
	at net.thucydides.core.model.TestStep.getChildResults(TestStep.java:293)
	at net.thucydides.core.model.TestStep.getResultFromChildren(TestStep.java:286)
	at net.thucydides.core.model.TestStep.getResult(TestStep.java:268)
	at net.thucydides.core.model.TestStep.getChildResults(TestStep.java:293)
	at net.thucydides.core.model.TestStep.getResultFromChildren(TestStep.java:286)
	at net.thucydides.core.model.TestStep.getResult(TestStep.java:268)
	at net.thucydides.core.model.TestStep.getChildResults(TestStep.java:293)
	at net.thucydides.core.model.TestStep.getResultFromChildren(TestStep.java:286)
	at net.thucydides.core.model.TestStep.getResult(TestStep.java:268)
	at net.thucydides.core.model.TestStep.getChildResults(TestStep.java:293)
	at net.thucydides.core.model.TestStep.getResultFromChildren(TestStep.java:286)
	at net.thucydides.core.model.TestStep.getResult(TestStep.java:268)
	at net.thucydides.core.model.TestStep.getChildResults(TestStep.java:293)
	at net.thucydides.core.model.TestStep.getResultFromChildren(TestStep.java:286)
	at net.thucydides.core.model.TestStep.getResult(TestStep.java:268)
	at net.thucydides.core.model.TestStep.getChildResults(TestStep.java:293)
	at net.thucydides.core.model.TestStep.getResultFromChildren(TestStep.java:286)
	at net.thucydides.core.model.TestStep.getResult(TestStep.java:268)
	at net.thucydides.core.model.TestStep.getChildResults(TestStep.java:293)
	at net.thucydides.core.model.TestStep.getResultFromChildren(TestStep.java:286)
	at net.thucydides.core.model.TestStep.getResult(TestStep.java:268)
	at net.thucydides.core.model.TestStep.getChildResults(TestStep.java:293)
	at net.thucydides.core.model.TestStep.getResultFromChildren(TestStep.java:286)
	at net.thucydides.core.model.TestStep.getResult(TestStep.java:268)
	at net.thucydides.core.model.TestStep.getChildResults(TestStep.java:293)
	at net.thucydides.core.model.TestStep.getResultFromChildren(TestStep.java:286)
	at net.thucydides.core.model.TestStep.getResult(TestStep.java:268)
	at net.thucydides.core.model.TestStep.getChildResults(TestStep.java:293)
	at net.thucydides.core.model.TestStep.getResultFromChildren(TestStep.java:286)
	at net.thucydides.core.model.TestStep.getResult(TestStep.java:268)
	at net.thucydides.core.model.TestStep.getChildResults(TestStep.java:293)
	at net.thucydides.core.model.TestStep.getResultFromChildren(TestStep.java:286)
	at net.thucydides.core.model.TestStep.getResult(TestStep.java:268)
	at net.thucydides.core.model.TestStep.getChildResults(TestStep.java:293)
	at net.thucydides.core.model.TestStep.getResultFromChildren(TestStep.java:286)
	at net.thucydides.core.model.TestStep.getResult(TestStep.java:268)
	at net.thucydides.core.model.TestStep.getChildResults(TestStep.java:293)
	at net.thucydides.core.model.TestStep.getResultFromChildren(TestStep.java:286)
	at net.thucydides.core.model.TestStep.getResult(TestStep.java:268)
	at net.thucydides.core.model.TestStep.getChildResults(TestStep.java:293)
	at net.thucydides.core.model.TestStep.getResultFromChildren(TestStep.java:286)
	at net.thucydides.core.model.TestStep.getResult(TestStep.java:268)
	at net.thucydides.core.model.TestStep.getChildResults(TestStep.java:293)
	at net.thucydides.core.model.TestStep.getResultFromChildren(TestStep.java:286)
	at net.thucydides.core.model.TestStep.getResult(TestStep.java:268)
	at net.thucydides.core.model.TestStep.getChildResults(TestStep.java:293)
	at net.thucydides.core.model.TestStep.getResultFromChildren(TestStep.java:286)
	at net.thucydides.core.model.TestStep.getResult(TestStep.java:268)
	at net.thucydides.core.model.TestStep.getChildResults(TestStep.java:293)
	at net.thucydides.core.model.TestStep.getResultFromChildren(TestStep.java:286)
	at net.thucydides.core.model.TestStep.getResult(TestStep.java:268)
	at net.thucydides.core.model.TestStep.getChildResults(TestStep.java:293)
	at net.thucydides.core.model.TestStep.getResultFromChildren(TestStep.java:286)
	at net.thucydides.core.model.TestStep.getResult(TestStep.java:268)
	at net.thucydides.core.model.TestStep.getChildResults(TestStep.java:293)
	at net.thucydides.core.model.TestStep.getResultFromChildren(TestStep.java:286)
	at net.thucydides.core.model.TestStep.getResult(TestStep.java:268)
	at net.thucydides.core.model.TestStep.getChildResults(TestStep.java:293)
	at net.thucydides.core.model.TestStep.getResultFromChildren(TestStep.java:286)
	at net.thucydides.core.model.TestStep.getResult(TestStep.java:268)
	at net.thucydides.core.model.TestStep.getChildResults(TestStep.java:293)
	at net.thucydides.core.model.TestStep.getResultFromChildren(TestStep.java:286)
	at net.thucydides.core.model.TestStep.getResult(TestStep.java:268)
	at net.thucydides.core.model.TestStep.getChildResults(TestStep.java:293)
	at net.thucydides.core.model.TestStep.getResultFromChildren(TestStep.java:286)
	at net.thucydides.core.model.TestStep.getResult(TestStep.java:268)
	at net.thucydides.core.model.TestStep.getChildResults(TestStep.java:293)
	at net.thucydides.core.model.TestStep.getResultFromChildren(TestStep.java:286)
	at net.thucydides.core.model.TestStep.getResult(TestStep.java:268)
	at net.thucydides.core.model.TestStep.getChildResults(TestStep.java:293)
	at net.thucydides.core.model.TestStep.getResultFromChildren(TestStep.java:286)
	at net.thucydides.core.model.TestStep.getResult(TestStep.java:268)
	at net.thucydides.core.model.TestStep.getChildResults(TestStep.java:293)
	at net.thucydides.core.model.TestStep.getResultFromChildren(TestStep.java:286)
	at net.thucydides.core.model.TestStep.getResult(TestStep.java:268)
	at net.thucydides.core.model.TestStep.getChildResults(TestStep.java:293)
	at net.thucydides.core.model.TestStep.getResultFromChildren(TestStep.java:286)
	at net.thucydides.core.model.TestStep.getResult(TestStep.java:268)
	at net.thucydides.core.model.TestStep.getChildResults(TestStep.java:293)
	at net.thucydides.core.model.TestStep.getResultFromChildren(TestStep.java:286)
	at net.thucydides.core.model.TestStep.getResult(TestStep.java:268)
	at net.thucydides.core.model.TestStep.getChildResults(TestStep.java:293)
	at net.thucydides.core.model.TestStep.getResultFromChildren(TestStep.java:286)
	at net.thucydides.core.model.TestStep.getResult(TestStep.java:268)
	at net.thucydides.core.model.TestStep.getChildResults(TestStep.java:293)
	at net.thucydides.core.model.TestStep.getResultFromChildren(TestStep.java:286)
	at net.thucydides.core.model.TestStep.getResult(TestStep.java:268)
	at net.thucydides.core.model.TestStep.getChildResults(TestStep.java:293)
	at net.thucydides.core.model.TestStep.getResultFromChildren(TestStep.java:286)
	at net.thucydides.core.model.TestStep.getResult(TestStep.java:268)
	at net.thucydides.core.model.TestStep.getChildResults(TestStep.java:293)
	at net.thucydides.core.model.TestStep.getResultFromChildren(TestStep.java:286)
	at net.thucydides.core.model.TestStep.getResult(TestStep.java:268)
	at net.thucydides.core.model.TestStep.getChildResults(TestStep.java:293)
	at net.thucydides.core.model.TestStep.getResultFromChildren(TestStep.java:286)
	at net.thucydides.core.model.TestStep.getResult(TestStep.java:268)
	at net.thucydides.core.model.TestStep.getChildResults(TestStep.java:293)
	at net.thucydides.core.model.TestStep.getResultFromChildren(TestStep.java:286)
	at net.thucydides.core.model.TestStep.getResult(TestStep.java:268)
	at net.thucydides.core.model.TestStep.getChildResults(TestStep.java:293)
	at net.thucydides.core.model.TestStep.getResultFromChildren(TestStep.java:286)
	at net.thucydides.core.model.TestStep.getResult(TestStep.java:268)
	at net.thucydides.core.model.TestStep.getChildResults(TestStep.java:293)
	at net.thucydides.core.model.TestStep.getResultFromChildren(TestStep.java:286)
	at net.thucydides.core.model.TestStep.getResult(TestStep.java:268)
	at net.thucydides.core.model.TestStep.getChildResults(TestStep.java:293)
	at net.thucydides.core.model.TestStep.getResultFromChildren(TestStep.java:286)
	at net.thucydides.core.model.TestStep.getResult(TestStep.java:268)
	at net.thucydides.core.model.TestStep.getChildResults(TestStep.java:293)
	at net.thucydides.core.model.TestStep.getResultFromChildren(TestStep.java:286)
	at net.thucydides.core.model.TestStep.getResult(TestStep.java:268)
	at net.thucydides.core.model.TestStep.getChildResults(TestStep.java:293)
	at net.thucydides.core.model.TestStep.getResultFromChildren(TestStep.java:286)
	at net.thucydides.core.model.TestStep.getResult(TestStep.java:268)
	at net.thucydides.core.model.TestStep.getChildResults(TestStep.java:293)
	at net.thucydides.core.model.TestStep.getResultFromChildren(TestStep.java:286)
	at net.thucydides.core.model.TestStep.getResult(TestStep.java:268)
	at net.thucydides.core.model.TestStep.getChildResults(TestStep.java:293)
	at net.thucydides.core.model.TestStep.getResultFromChildren(TestStep.java:286)
	at net.thucydides.core.model.TestStep.getResult(TestStep.java:268)
	at net.thucydides.core.model.TestStep.getChildResults(TestStep.java:293)
	at net.thucydides.core.model.TestStep.getResultFromChildren(TestStep.java:286)
	at net.thucydides.core.model.TestStep.getResult(TestStep.java:268)
	at net.thucydides.core.model.TestStep.getChildResults(TestStep.java:293)
	at net.thucydides.core.model.TestStep.getResultFromChildren(TestStep.java:286)
	at net.thucydides.core.model.TestStep.getResult(TestStep.java:268)
	at net.thucydides.core.model.TestStep.getChildResults(TestStep.java:293)
	at net.thucydides.core.model.TestStep.getResultFromChildren(TestStep.java:286)
	at net.thucydides.core.model.TestStep.getResult(TestStep.java:268)
	at net.thucydides.core.model.TestStep.getChildResults(TestStep.java:293)
	at net.thucydides.core.model.TestStep.getResultFromChildren(TestStep.java:286)
	at net.thucydides.core.model.TestStep.getResult(TestStep.java:268)
	at net.thucydides.core.model.TestStep.getChildResults(TestStep.java:293)
	at net.thucydides.core.model.TestStep.getResultFromChildren(TestStep.java:286)
	at net.thucydides.core.model.TestStep.getResult(TestStep.java:268)
	at net.thucydides.core.model.TestStep.getChildResults(TestStep.java:293)
	at net.thucydides.core.model.TestStep.getResultFromChildren(TestStep.java:286)
	at net.thucydides.core.model.TestStep.getResult(TestStep.java:268)
	at net.thucydides.core.model.TestStep.getChildResults(TestStep.java:293)
	at net.thucydides.core.model.TestStep.getResultFromChildren(TestStep.java:286)
	at net.thucydides.core.model.TestStep.getResult(TestStep.java:268)
	at net.thucydides.core.model.TestStep.getChildResults(TestStep.java:293)
	at net.thucydides.core.model.TestStep.getResultFromChildren(TestStep.java:286)
	at net.thucydides.core.model.TestStep.getResult(TestStep.java:268)
	at net.thucydides.core.model.TestStep.getChildResults(TestStep.java:293)
	at net.thucydides.core.model.TestStep.getResultFromChildren(TestStep.java:286)
	at net.thucydides.core.model.TestStep.getResult(TestStep.java:268)
	at net.thucydides.core.model.TestStep.getChildResults(TestStep.java:293)
	at net.thucydides.core.model.TestStep.getResultFromChildren(TestStep.java:286)
	at net.thucydides.core.model.TestStep.getResult(TestStep.java:268)
	at net.thucydides.core.model.TestStep.getChildResults(TestStep.java:293)
	at net.thucydides.core.model.TestStep.getResultFromChildren(TestStep.java:286)
	at net.thucydides.core.model.TestStep.getResult(TestStep.java:268)
	at net.thucydides.core.model.TestStep.getChildResults(TestStep.java:293)
	at net.thucydides.core.model.TestStep.getResultFromChildren(TestStep.java:286)
	at net.thucydides.core.model.TestStep.getResult(TestStep.java:268)
	at net.thucydides.core.model.TestStep.getChildResults(TestStep.java:293)
	at net.thucydides.core.model.TestStep.getResultFromChildren(TestStep.java:286)
	at net.thucydides.core.model.TestStep.getResult(TestStep.java:268)
	at net.thucydides.core.model.TestStep.getChildResults(TestStep.java:293)
	at net.thucydides.core.model.TestStep.getResultFromChildren(TestStep.java:286)
	at net.thucydides.core.model.TestStep.getResult(TestStep.java:268)
	at net.thucydides.core.model.TestStep.getChildResults(TestStep.java:293)
	at net.thucydides.core.model.TestStep.getResultFromChildren(TestStep.java:286)
	at net.thucydides.core.model.TestStep.getResult(TestStep.java:268)
	at net.thucydides.core.model.TestStep.getChildResults(TestStep.java:293)
	at net.thucydides.core.model.TestStep.getResultFromChildren(TestStep.java:286)
	at net.thucydides.core.model.TestStep.getResult(TestStep.java:268)
	at net.thucydides.core.model.TestStep.getChildResults(TestStep.java:293)
	at net.thucydides.core.model.TestStep.getResultFromChildren(TestStep.java:286)
	at net.thucydides.core.model.TestStep.getResult(TestStep.java:268)
	at net.thucydides.core.model.TestStep.getChildResults(TestStep.java:293)
	at net.thucydides.core.model.TestStep.getResultFromChildren(TestStep.java:286)
	at net.thucydides.core.model.TestStep.getResult(TestStep.java:268)
	at net.thucydides.core.model.TestStep.getChildResults(TestStep.java:293)
	at net.thucydides.core.model.TestStep.getResultFromChildren(TestStep.java:286)
	at net.thucydides.core.model.TestStep.getResult(TestStep.java:268)
	at net.thucydides.core.model.TestStep.getChildResults(TestStep.java:293)
	at net.thucydides.core.model.TestStep.getResultFromChildren(TestStep.java:286)
	at net.thucydides.core.model.TestStep.getResult(TestStep.java:268)
	at net.thucydides.core.model.TestStep.getChildResults(TestStep.java:293)
	at net.thucydides.core.model.TestStep.getResultFromChildren(TestStep.java:286)
	at net.thucydides.core.model.TestStep.getResult(TestStep.java:268)
	at net.thucydides.core.model.TestStep.getChildResults(TestStep.java:293)
	at net.thucydides.core.model.TestStep.getResultFromChildren(TestStep.java:286)
	at net.thucydides.core.model.TestStep.getResult(TestStep.java:268)
	at net.thucydides.core.model.TestStep.getChildResults(TestStep.java:293)
	at net.thucydides.core.model.TestStep.getResultFromChildren(TestStep.java:286)
	at net.thucydides.core.model.TestStep.getResult(TestStep.java:268)
	at net.thucydides.core.model.TestStep.getChildResults(TestStep.java:293)
	at net.thucydides.core.model.TestStep.getResultFromChildren(TestStep.java:286)
	at net.thucydides.core.model.TestStep.getResult(TestStep.java:268)
	at net.thucydides.core.model.TestStep.getChildResults(TestStep.java:293)
	at net.thucydides.core.model.TestStep.getResultFromChildren(TestStep.java:286)
	at net.thucydides.core.model.TestStep.getResult(TestStep.java:268)
	at net.thucydides.core.model.TestStep.getChildResults(TestStep.java:293)
	at net.thucydides.core.model.TestStep.getResultFromChildren(TestStep.java:286)
	at net.thucydides.core.model.TestStep.getResult(TestStep.java:268)
	at net.thucydides.core.model.TestStep.getChildResults(TestStep.java:293)
	at net.thucydides.core.model.TestStep.getResultFromChildren(TestStep.java:286)
	at net.thucydides.core.model.TestStep.getResult(TestStep.java:268)
	at net.thucydides.core.model.TestStep.getChildResults(TestStep.java:293)
	at net.thucydides.core.model.TestStep.getResultFromChildren(TestStep.java:286)
	at net.thucydides.core.model.TestStep.getResult(TestStep.java:268)
	at net.thucydides.core.model.TestStep.getChildResults(TestStep.java:293)
	at net.thucydides.core.model.TestStep.getResultFromChildren(TestStep.java:286)
	at net.thucydides.core.model.TestStep.getResult(TestStep.java:268)
	at net.thucydides.core.model.TestStep.getChildResults(TestStep.java:293)
	at net.thucydides.core.model.TestStep.getResultFromChildren(TestStep.java:286)
	at net.thucydides.core.model.TestStep.getResult(TestStep.java:268)
	at net.thucydides.core.model.TestStep.getChildResults(TestStep.java:293)
	at net.thucydides.core.model.TestStep.getResultFromChildren(TestStep.java:286)
	at net.thucydides.core.model.TestStep.getResult(TestStep.java:268)
	at net.thucydides.core.model.TestStep.getChildResults(TestStep.java:293)
	at net.thucydides.core.model.TestStep.getResultFromChildren(TestStep.java:286)
	at net.thucydides.core.model.TestStep.getResult(TestStep.java:268)
	at net.thucydides.core.model.TestStep.getChildResults(TestStep.java:293)
	at net.thucydides.core.model.TestStep.getResultFromChildren(TestStep.java:286)
	at net.thucydides.core.model.TestStep.getResult(TestStep.java:268)
	at net.thucydides.core.model.TestStep.getChildResults(TestStep.java:293)
	at net.thucydides.core.model.TestStep.getResultFromChildren(TestStep.java:286)
	at net.thucydides.core.model.TestStep.getResult(TestStep.java:268)
	at net.thucydides.core.model.TestStep.getChildResults(TestStep.java:293)
	at net.thucydides.core.model.TestStep.getResultFromChildren(TestStep.java:286)
	at net.thucydides.core.model.TestStep.getResult(TestStep.java:268)
	at net.thucydides.core.model.TestStep.getChildResults(TestStep.java:293)
	at net.thucydides.core.model.TestStep.getResultFromChildren(TestStep.java:286)
	at net.thucydides.core.model.TestStep.getResult(TestStep.java:268)
	at net.thucydides.core.model.TestStep.getChildResults(TestStep.java:293)
	at net.thucydides.core.model.TestStep.getResultFromChildren(TestStep.java:286)
	at net.thucydides.core.model.TestStep.getResult(TestStep.java:268)
	at net.thucydides.core.model.TestStep.getChildResults(TestStep.java:293)
	at net.thucydides.core.model.TestStep.getResultFromChildren(TestStep.java:286)
	at net.thucydides.core.model.TestStep.getResult(TestStep.java:268)
	at net.thucydides.core.model.TestStep.getChildResults(TestStep.java:293)
	at net.thucydides.core.model.TestStep.getResultFromChildren(TestStep.java:286)
	at net.thucydides.core.model.TestStep.getResult(TestStep.java:268)
	at net.thucydides.core.model.TestStep.getChildResults(TestStep.java:293)
	at net.thucydides.core.model.TestStep.getResultFromChildren(TestStep.java:286)
	at net.thucydides.core.model.TestStep.getResult(TestStep.java:268)
	at net.thucydides.core.model.TestStep.getChildResults(TestStep.java:293)
	at net.thucydides.core.model.TestStep.getResultFromChildren(TestStep.java:286)
	at net.thucydides.core.model.TestStep.getResult(TestStep.java:268)
	at net.thucydides.core.model.TestStep.getChildResults(TestStep.java:293)
	at net.thucydides.core.model.TestStep.getResultFromChildren(TestStep.java:286)
	at net.thucydides.core.model.TestStep.getResult(TestStep.java:268)
	at net.thucydides.core.model.TestStep.getChildResults(TestStep.java:293)
	at net.thucydides.core.model.TestStep.getResultFromChildren(TestStep.java:286)
	at net.thucydides.core.model.TestStep.getResult(TestStep.java:268)
	at net.thucydides.core.model.TestStep.getChildResults(TestStep.java:293)
	at net.thucydides.core.model.TestStep.getResultFromChildren(TestStep.java:286)
	at net.thucydides.core.model.TestStep.getResult(TestStep.java:268)
	at net.thucydides.core.model.TestStep.getChildResults(TestStep.java:293)
	at net.thucydides.core.model.TestStep.getResultFromChildren(TestStep.java:286)
	at net.thucydides.core.model.TestStep.getResult(TestStep.java:268)
	at net.thucydides.core.model.TestStep.getChildResults(TestStep.java:293)
	at net.thucydides.core.model.TestStep.getResultFromChildren(TestStep.java:286)
	at net.thucydides.core.model.TestStep.getResult(TestStep.java:268)
	at net.thucydides.core.model.TestStep.getChildResults(TestStep.java:293)
	at net.thucydides.core.model.TestStep.getResultFromChildren(TestStep.java:286)
	at net.thucydides.core.model.TestStep.getResult(TestStep.java:268)
	at net.thucydides.core.model.TestStep.getChildResults(TestStep.java:293)
	at net.thucydides.core.model.TestStep.getResultFromChildren(TestStep.java:286)
	at net.thucydides.core.model.TestStep.getResult(TestStep.java:268)
	at net.thucydides.core.model.TestStep.getChildResults(TestStep.java:293)
	at net.thucydides.core.model.TestStep.getResultFromChildren(TestStep.java:286)
	at net.thucydides.core.model.TestStep.getResult(TestStep.java:268)
	at net.thucydides.core.model.TestStep.getChildResults(TestStep.java:293)
	at net.thucydides.core.model.TestStep.getResultFromChildren(TestStep.java:286)
	at net.thucydides.core.model.TestStep.getResult(TestStep.java:268)
	at net.thucydides.core.model.TestStep.getChildResults(TestStep.java:293)
	at net.thucydides.core.model.TestStep.getResultFromChildren(TestStep.java:286)
	at net.thucydides.core.model.TestStep.getResult(TestStep.java:268)
	at net.thucydides.core.model.TestStep.getChildResults(TestStep.java:293)
	at net.thucydides.core.model.TestStep.getResultFromChildren(TestStep.java:286)
	at net.thucydides.core.model.TestStep.getResult(TestStep.java:268)
	at net.thucydides.core.model.TestStep.getChildResults(TestStep.java:293)
	at net.thucydides.core.model.TestStep.getResultFromChildren(TestStep.java:286)
	at net.thucydides.core.model.TestStep.getResult(TestStep.java:268)
	at net.thucydides.core.model.TestStep.getChildResults(TestStep.java:293)
	at net.thucydides.core.model.TestStep.getResultFromChildren(TestStep.java:286)
	at net.thucydides.core.model.TestStep.getResult(TestStep.java:268)
	at net.thucydides.core.model.TestStep.getChildResults(TestStep.java:293)
	at net.thucydides.core.model.TestStep.getResultFromChildren(TestStep.java:286)
	at net.thucydides.core.model.TestStep.getResult(TestStep.java:268)
	at net.thucydides.core.model.TestStep.getChildResults(TestStep.java:293)
	at net.thucydides.core.model.TestStep.getResultFromChildren(TestStep.java:286)
	at net.thucydides.core.model.TestStep.getResult(TestStep.java:268)
	at net.thucydides.core.model.TestStep.getChildResults(TestStep.java:293)
	at net.thucydides.core.model.TestStep.getResultFromChildren(TestStep.java:286)
	at net.thucydides.core.model.TestStep.getResult(TestStep.java:268)
	at net.thucydides.core.model.TestStep.getChildResults(TestStep.java:293)
	at net.thucydides.core.model.TestStep.getResultFromChildren(TestStep.java:286)
	at net.thucydides.core.model.TestStep.getResult(TestStep.java:268)
	at net.thucydides.core.model.TestStep.getChildResults(TestStep.java:293)
	at net.thucydides.core.model.TestStep.getResultFromChildren(TestStep.java:286)
	at net.thucydides.core.model.TestStep.getResult(TestStep.java:268)
	at net.thucydides.core.model.TestStep.getChildResults(TestStep.java:293)
	at net.thucydides.core.model.TestStep.getResultFromChildren(TestStep.java:286)
	at net.thucydides.core.model.TestStep.getResult(TestStep.java:268)
	at net.thucydides.core.model.TestStep.getChildResults(TestStep.java:293)
	at net.thucydides.core.model.TestStep.getResultFromChildren(TestStep.java:286)
	at net.thucydides.core.model.TestStep.getResult(TestStep.java:268)
	at net.thucydides.core.model.TestStep.getChildResults(TestStep.java:293)
	at net.thucydides.core.model.TestStep.getResultFromChildren(TestStep.java:286)
	at net.thucydides.core.model.TestStep.getResult(TestStep.java:268)
	at net.thucydides.core.model.TestStep.getChildResults(TestStep.java:293)
	at net.thucydides.core.model.TestStep.getResultFromChildren(TestStep.java:286)
	at net.thucydides.core.model.TestStep.getResult(TestStep.java:268)
	at net.thucydides.core.model.TestStep.getChildResults(TestStep.java:293)
	at net.thucydides.core.model.TestStep.getResultFromChildren(TestStep.java:286)
	at net.thucydides.core.model.TestStep.getResult(TestStep.java:268)
	at net.thucydides.core.model.TestStep.getChildResults(TestStep.java:293)
	at net.thucydides.core.model.TestStep.getResultFromChildren(TestStep.java:286)
	at net.thucydides.core.model.TestStep.getResult(TestStep.java:268)
	at net.thucydides.core.model.TestStep.getChildResults(TestStep.java:293)
	at net.thucydides.core.model.TestStep.getResultFromChildren(TestStep.java:286)
	at net.thucydides.core.model.TestStep.getResult(TestStep.java:268)
	at net.thucydides.core.model.TestStep.getChildResults(TestStep.java:293)
	at net.thucydides.core.model.TestStep.getResultFromChildren(TestStep.java:286)
	at net.thucydides.core.model.TestStep.getResult(TestStep.java:268)
	at net.thucydides.core.model.TestStep.getChildResults(TestStep.java:293)
	at net.thucydides.core.model.TestStep.getResultFromChildren(TestStep.java:286)
	at net.thucydides.core.model.TestStep.getResult(TestStep.java:268)
	at net.thucydides.core.model.TestStep.getChildResults(TestStep.java:293)
	at net.thucydides.core.model.TestStep.getResultFromChildren(TestStep.java:286)
	at net.thucydides.core.model.TestStep.getResult(TestStep.java:268)
	at net.thucydides.core.model.TestStep.getChildResults(TestStep.java:293)
	at net.thucydides.core.model.TestStep.getResultFromChildren(TestStep.java:286)
	at net.thucydides.core.model.TestStep.getResult(TestStep.java:268)
	at net.thucydides.core.model.TestStep.getChildResults(TestStep.java:293)
	at net.thucydides.core.model.TestStep.getResultFromChildren(TestStep.java:286)
	at net.thucydides.core.model.TestStep.getResult(TestStep.java:268)
	at net.thucydides.core.model.TestStep.getChildResults(TestStep.java:293)
	at net.thucydides.core.model.TestStep.getResultFromChildren(TestStep.java:286)
	at net.thucydides.core.model.TestStep.getResult(TestStep.java:268)
	at net.thucydides.core.model.TestStep.getChildResults(TestStep.java:293)
	at net.thucydides.core.model.TestStep.getResultFromChildren(TestStep.java:286)
	at net.thucydides.core.model.TestStep.getResult(TestStep.java:268)
	at net.thucydides.core.model.TestStep.getChildResults(TestStep.java:293)
	at net.thucydides.core.model.TestStep.getResultFromChildren(TestStep.java:286)
	at net.thucydides.core.model.TestStep.getResult(TestStep.java:268)
	at net.thucydides.core.model.TestStep.getChildResults(TestStep.java:293)
	at net.thucydides.core.model.TestStep.getResultFromChildren(TestStep.java:286)
	at net.thucydides.core.model.TestStep.getResult(TestStep.java:268)
	at net.thucydides.core.model.TestStep.getChildResults(TestStep.java:293)
	at net.thucydides.core.model.TestStep.getResultFromChildren(TestStep.java:286)
	at net.thucydides.core.model.TestStep.getResult(TestStep.java:268)
	at net.thucydides.core.model.TestStep.getChildResults(TestStep.java:293)
	at net.thucydides.core.model.TestStep.getResultFromChildren(TestStep.java:286)
	at net.thucydides.core.model.TestStep.getResult(TestStep.java:268)
	at net.thucydides.core.model.TestStep.getChildResults(TestStep.java:293)
	at net.thucydides.core.model.TestStep.getResultFromChildren(TestStep.java:286)
	at net.thucydides.core.model.TestStep.getResult(TestStep.java:268)
	at net.thucydides.core.model.TestStep.getChildResults(TestStep.java:293)
	at net.thucydides.core.model.TestStep.getResultFromChildren(TestStep.java:286)
	at net.thucydides.core.model.TestStep.getResult(TestStep.java:268)
	at net.thucydides.core.model.TestStep.getChildResults(TestStep.java:293)
	at net.thucydides.core.model.TestStep.getResultFromChildren(TestStep.java:286)
	at net.thucydides.core.model.TestStep.getResult(TestStep.java:268)
	at net.thucydides.core.model.TestStep.getChildResults(TestStep.java:293)
	at net.thucydides.core.model.TestStep.getResultFromChildren(TestStep.java:286)
	at net.thucydides.core.model.TestStep.getResult(TestStep.java:268)
	at net.thucydides.core.model.TestStep.getChildResults(TestStep.java:293)
	at net.thucydides.core.model.TestStep.getResultFromChildren(TestStep.java:286)
	at net.thucydides.core.model.TestStep.getResult(TestStep.java:268)
	at net.thucydides.core.model.TestStep.getChildResults(TestStep.java:293)
	at net.thucydides.core.model.TestStep.getResultFromChildren(TestStep.java:286)
	at net.thucydides.core.model.TestStep.getResult(TestStep.java:268)
	at net.thucydides.core.model.TestStep.getChildResults(TestStep.java:293)
	at net.thucydides.core.model.TestStep.getResultFromChildren(TestStep.java:286)
	at net.thucydides.core.model.TestStep.getResult(TestStep.java:268)
	at net.thucydides.core.model.TestStep.getChildResults(TestStep.java:293)
	at net.thucydides.core.model.TestStep.getResultFromChildren(TestStep.java:286)
	at net.thucydides.core.model.TestStep.getResult(TestStep.java:268)
	at net.thucydides.core.model.TestStep.getChildResults(TestStep.java:293)
	at net.thucydides.core.model.TestStep.getResultFromChildren(TestStep.java:286)
	at net.thucydides.core.model.TestStep.getResult(TestStep.java:268)
	at net.thucydides.core.model.TestStep.getChildResults(TestStep.java:293)
	at net.thucydides.core.model.TestStep.getResultFromChildren(TestStep.java:286)
	at net.thucydides.core.model.TestStep.getResult(TestStep.java:268)
	at net.thucydides.core.model.TestStep.getChildResults(TestStep.java:293)
	at net.thucydides.core.model.TestStep.getResultFromChildren(TestStep.java:286)
	at net.thucydides.core.model.TestStep.getResult(TestStep.java:268)
	at net.thucydides.core.model.TestStep.getChildResults(TestStep.java:293)
	at net.thucydides.core.model.TestStep.getResultFromChildren(TestStep.java:286)
	at net.thucydides.core.model.TestStep.getResult(TestStep.java:268)
	at net.thucydides.core.model.TestStep.getChildResults(TestStep.java:293)
	at net.thucydides.core.model.TestStep.getResultFromChildren(TestStep.java:286)
	at net.thucydides.core.model.TestStep.getResult(TestStep.java:268)
	at net.thucydides.core.model.TestStep.getChildResults(TestStep.java:293)
	at net.thucydides.core.model.TestStep.getResultFromChildren(TestStep.java:286)
	at net.thucydides.core.model.TestStep.getResult(TestStep.java:268)
	at net.thucydides.core.model.TestStep.getChildResults(TestStep.java:293)
	at net.thucydides.core.model.TestStep.getResultFromChildren(TestStep.java:286)
	at net.thucydides.core.model.TestStep.getResult(TestStep.java:268)
	at net.thucydides.core.model.TestStep.getChildResults(TestStep.java:293)
	at net.thucydides.core.model.TestStep.getResultFromChildren(TestStep.java:286)
	at net.thucydides.core.model.TestStep.getResult(TestStep.java:268)
	at net.thucydides.core.model.TestStep.getChildResults(TestStep.java:293)
	at net.thucydides.core.model.TestStep.getResultFromChildren(TestStep.java:286)
	at net.thucydides.core.model.TestStep.getResult(TestStep.java:268)
	at net.thucydides.core.model.TestStep.getChildResults(TestStep.java:293)
	at net.thucydides.core.model.TestStep.getResultFromChildren(TestStep.java:286)
	at net.thucydides.core.model.TestStep.getResult(TestStep.java:268)
	at net.thucydides.core.model.TestStep.getChildResults(TestStep.java:293)
	at net.thucydides.core.model.TestStep.getResultFromChildren(TestStep.java:286)
	at net.thucydides.core.model.TestStep.getResult(TestStep.java:268)
	at net.thucydides.core.model.TestStep.getChildResults(TestStep.java:293)
	at net.thucydides.core.model.TestStep.getResultFromChildren(TestStep.java:286)
	at net.thucydides.core.model.TestStep.getResult(TestStep.java:268)
	at net.thucydides.core.model.TestStep.getChildResults(TestStep.java:293)
	at net.thucydides.core.model.TestStep.getResultFromChildren(TestStep.java:286)
	at net.thucydides.core.model.TestStep.getResult(TestStep.java:268)
	at net.thucydides.core.model.TestStep.getChildResults(TestStep.java:293)
	at net.thucydides.core.model.TestStep.getResultFromChildren(TestStep.java:286)
	at net.thucydides.core.model.TestStep.getResult(TestStep.java:268)
	at net.thucydides.core.model.TestStep.getChildResults(TestStep.java:293)
	at net.thucydides.core.model.TestStep.getResultFromChildren(TestStep.java:286)
	at net.thucydides.core.model.TestStep.getResult(TestStep.java:268)
	at net.thucydides.core.model.TestStep.getChildResults(TestStep.java:293)
	at net.thucydides.core.model.TestStep.getResultFromChildren(TestStep.java:286)
	at net.thucydides.core.model.TestStep.getResult(TestStep.java:268)
	at net.thucydides.core.model.TestStep.getChildResults(TestStep.java:293)
	at net.thucydides.core.model.TestStep.getResultFromChildren(TestStep.java:286)
	at net.thucydides.core.model.TestStep.getResult(TestStep.java:268)
	at net.thucydides.core.model.TestStep.getChildResults(TestStep.java:293)
	at net.thucydides.core.model.TestStep.getResultFromChildren(TestStep.java:286)
	at net.thucydides.core.model.TestStep.getResult(TestStep.java:268)
	at net.thucydides.core.model.TestStep.getChildResults(TestStep.java:293)
	at net.thucydides.core.model.TestStep.getResultFromChildren(TestStep.java:286)
	at net.thucydides.core.model.TestStep.getResult(TestStep.java:268)
	at net.thucydides.core.model.TestStep.getChildResults(TestStep.java:293)
	at net.thucydides.core.model.TestStep.getResultFromChildren(TestStep.java:286)
	at net.thucydides.core.model.TestStep.getResult(TestStep.java:268)
	at net.thucydides.core.model.TestStep.getChildResults(TestStep.java:293)
	at net.thucydides.core.model.TestStep.getResultFromChildren(TestStep.java:286)
	at net.thucydides.core.model.TestStep.getResult(TestStep.java:268)
	at net.thucydides.core.model.TestStep.getChildResults(TestStep.java:293)
	at net.thucydides.core.model.TestStep.getResultFromChildren(TestStep.java:286)
	at net.thucydides.core.model.TestStep.getResult(TestStep.java:268)
	at net.thucydides.core.model.TestStep.getChildResults(TestStep.java:293)
	at net.thucydides.core.model.TestStep.getResultFromChildren(TestStep.java:286)
	at net.thucydides.core.model.TestStep.getResult(TestStep.java:268)
	at net.thucydides.core.model.TestStep.getChildResults(TestStep.java:293)
	at net.thucydides.core.model.TestStep.getResultFromChildren(TestStep.java:286)
	at net.thucydides.core.model.TestStep.getResult(TestStep.java:268)
	at net.thucydides.core.model.TestStep.getChildResults(TestStep.java:293)
	at net.thucydides.core.model.TestStep.getResultFromChildren(TestStep.java:286)
	at net.thucydides.core.model.TestStep.getResult(TestStep.java:268)
	at net.thucydides.core.model.TestStep.getChildResults(TestStep.java:293)
	at net.thucydides.core.model.TestStep.getResultFromChildren(TestStep.java:286)
	at net.thucydides.core.model.TestStep.getResult(TestStep.java:268)
	at net.thucydides.core.model.TestStep.getChildResults(TestStep.java:293)
	at net.thucydides.core.model.TestStep.getResultFromChildren(TestStep.java:286)
	at net.thucydides.core.model.TestStep.getResult(TestStep.java:268)
	at net.thucydides.core.model.TestStep.getChildResults(TestStep.java:293)
	at net.thucydides.core.model.TestStep.getResultFromChildren(TestStep.java:286)
	at net.thucydides.core.model.TestStep.getResult(TestStep.java:268)
	at net.thucydides.core.model.TestStep.getChildResults(TestStep.java:293)
	at net.thucydides.core.model.TestStep.getResultFromChildren(TestStep.java:286)
	at net.thucydides.core.model.TestStep.getResult(TestStep.java:268)
	at net.thucydides.core.model.TestStep.getChildResults(TestStep.java:293)
	at net.thucydides.core.model.TestStep.getResultFromChildren(TestStep.java:286)
	at net.thucydides.core.model.TestStep.getResult(TestStep.java:268)
	at net.thucydides.core.model.TestStep.getChildResults(TestStep.java:293)
	at net.thucydides.core.model.TestStep.getResultFromChildren(TestStep.java:286)
	at net.thucydides.core.model.TestStep.getResult(TestStep.java:268)
	at net.thucydides.core.model.TestStep.getChildResults(TestStep.java:293)
	at net.thucydides.core.model.TestStep.getResultFromChildren(TestStep.java:286)
	at net.thucydides.core.model.TestStep.getResult(TestStep.java:268)
	at net.thucydides.core.model.TestStep.getChildResults(TestStep.java:293)
	at net.thucydides.core.model.TestStep.getResultFromChildren(TestStep.java:286)
	at net.thucydides.core.model.TestStep.getResult(TestStep.java:268)
	at net.thucydides.core.model.TestStep.getChildResults(TestStep.java:293)
	at net.thucydides.core.model.TestStep.getResultFromChildren(TestStep.java:286)
	at net.thucydides.core.model.TestStep.getResult(TestStep.java:268)
	at net.thucydides.core.model.TestStep.getChildResults(TestStep.java:293)
	at net.thucydides.core.model.TestStep.getResultFromChildren(TestStep.java:286)
	at net.thucydides.core.model.TestStep.getResult(TestStep.java:268)
	at net.thucydides.core.model.TestStep.getChildResults(TestStep.java:293)
	at net.thucydides.core.model.TestStep.getResultFromChildren(TestStep.java:286)
	at net.thucydides.core.model.TestStep.getResult(TestStep.java:268)
	at net.thucydides.core.model.TestStep.getChildResults(TestStep.java:293)
	at net.thucydides.core.model.TestStep.getResultFromChildren(TestStep.java:286)
	at net.thucydides.core.model.TestStep.getResult(TestStep.java:268)
	at net.thucydides.core.model.TestStep.getChildResults(TestStep.java:293)
	at net.thucydides.core.model.TestStep.getResultFromChildren(TestStep.java:286)
	at net.thucydides.core.model.TestStep.getResult(TestStep.java:268)
	at net.thucydides.core.model.TestStep.getChildResults(TestStep.java:293)
	at net.thucydides.core.model.TestStep.getResultFromChildren(TestStep.java:286)
	at net.thucydides.core.model.TestStep.getResult(TestStep.java:268)
	at net.thucydides.core.model.TestStep.getChildResults(TestStep.java:293)
	at net.thucydides.core.model.TestStep.getResultFromChildren(TestStep.java:286)
	at net.thucydides.core.model.TestStep.getResult(TestStep.java:268)
	at net.thucydides.core.model.TestStep.getChildResults(TestStep.java:293)
	at net.thucydides.core.model.TestStep.getResultFromChildren(TestStep.java:286)
	at net.thucydides.core.model.TestStep.getResult(TestStep.java:268)
	at net.thucydides.core.model.TestStep.getChildResults(TestStep.java:293)
	at net.thucydides.core.model.TestStep.getResultFromChildren(TestStep.java:286)
	at net.thucydides.core.model.TestStep.getResult(TestStep.java:268)
	at net.thucydides.core.model.TestStep.getChildResults(TestStep.java:293)
	at net.thucydides.core.model.TestStep.getResultFromChildren(TestStep.java:286)
	at net.thucydides.core.model.TestStep.getResult(TestStep.java:268)
	at net.thucydides.core.model.TestStep.getChildResults(TestStep.java:293)
	at net.thucydides.core.model.TestStep.getResultFromChildren(TestStep.java:286)
	at net.thucydides.core.model.TestStep.getResult(TestStep.java:268)
	at net.thucydides.core.model.TestStep.getChildResults(TestStep.java:293)
	at net.thucydides.core.model.TestStep.getResultFromChildren(TestStep.java:286)
	at net.thucydides.core.model.TestStep.getResult(TestStep.java:268)
	at net.thucydides.core.model.TestStep.getChildResults(TestStep.java:293)
	at net.thucydides.core.model.TestStep.getResultFromChildren(TestStep.java:286)
	at net.thucydides.core.model.TestStep.getResult(TestStep.java:268)
	at net.thucydides.core.model.TestStep.getChildResults(TestStep.java:293)
	at net.thucydides.core.model.TestStep.getResultFromChildren(TestStep.java:286)
	at net.thucydides.core.model.TestStep.getResult(TestStep.java:268)
	at net.thucydides.core.model.TestStep.getChildResults(TestStep.java:293)
	at net.thucydides.core.model.TestStep.getResultFromChildren(TestStep.java:286)
	at net.thucydides.core.model.TestStep.getResult(TestStep.java:268)
	at net.thucydides.core.model.TestStep.getChildResults(TestStep.java:293)
	at net.thucydides.core.model.TestStep.getResultFromChildren(TestStep.java:286)
	at net.thucydides.core.model.TestStep.getResult(TestStep.java:268)
	at net.thucydides.core.model.TestStep.getChildResults(TestStep.java:293)
	at net.thucydides.core.model.TestStep.getResultFromChildren(TestStep.java:286)
	at net.thucydides.core.model.TestStep.getResult(TestStep.java:268)
	at net.thucydides.core.model.TestStep.getChildResults(TestStep.java:293)
	at net.thucydides.core.model.TestStep.getResultFromChildren(TestStep.java:286)
	at net.thucydides.core.model.TestStep.getResult(TestStep.java:268)
	at net.thucydides.core.model.TestStep.getChildResults(TestStep.java:293)
	at net.thucydides.core.model.TestStep.getResultFromChildren(TestStep.java:286)
	at net.thucydides.core.model.TestStep.getResult(TestStep.java:268)
	at net.thucydides.core.model.TestStep.getChildResults(TestStep.java:293)
	at net.thucydides.core.model.TestStep.getResultFromChildren(TestStep.java:286)
	at net.thucydides.core.model.TestStep.getResult(TestStep.java:268)
	at net.thucydides.core.model.TestStep.getChildResults(TestStep.java:293)
	at net.thucydides.core.model.TestStep.getResultFromChildren(TestStep.java:286)
	at net.thucydides.core.model.TestStep.getResult(TestStep.java:268)
	at net.thucydides.core.model.TestStep.getChildResults(TestStep.java:293)
	at net.thucydides.core.model.TestStep.getResultFromChildren(TestStep.java:286)
	at net.thucydides.core.model.TestStep.getResult(TestStep.java:268)
	at net.thucydides.core.model.TestStep.getChildResults(TestStep.java:293)
	at net.thucydides.core.model.TestStep.getResultFromChildren(TestStep.java:286)
	at net.thucydides.core.model.TestStep.getResult(TestStep.java:268)
	at net.thucydides.core.model.TestStep.getChildResults(TestStep.java:293)
	at net.thucydides.core.model.TestStep.getResultFromChildren(TestStep.java:286)
	at net.thucydides.core.model.TestStep.getResult(TestStep.java:268)
	at net.thucydides.core.model.TestStep.getChildResults(TestStep.java:293)
	at net.thucydides.core.model.TestStep.getResultFromChildren(TestStep.java:286)
	at net.thucydides.core.model.TestStep.getResult(TestStep.java:268)
	at net.thucydides.core.model.TestStep.getChildResults(TestStep.java:293)
	at net.thucydides.core.model.TestStep.getResultFromChildren(TestStep.java:286)
	at net.thucydides.core.model.TestStep.getResult(TestStep.java:268)
	at net.thucydides.core.model.TestStep.getChildResults(TestStep.java:293)
	at net.thucydides.core.model.TestStep.getResultFromChildren(TestStep.java:286)
	at net.thucydides.core.model.TestStep.getResult(TestStep.java:268)
	at net.thucydides.core.model.TestStep.getChildResults(TestStep.java:293)
	at net.thucydides.core.model.TestStep.getResultFromChildren(TestStep.java:286)
	at net.thucydides.core.model.TestStep.getResult(TestStep.java:268)
	at net.thucydides.core.model.TestStep.getChildResults(TestStep.java:293)
	at net.thucydides.core.model.TestStep.getResultFromChildren(TestStep.java:286)
	at net.thucydides.core.model.TestStep.getResult(TestStep.java:268)
	at net.thucydides.core.model.TestStep.getChildResults(TestStep.java:293)
	at net.thucydides.core.model.TestStep.getResultFromChildren(TestStep.java:286)
	at net.thucydides.core.model.TestStep.getResult(TestStep.java:268)
	at net.thucydides.core.model.TestStep.getChildResults(TestStep.java:293)
	at net.thucydides.core.model.TestStep.getResultFromChildren(TestStep.java:286)
	at net.thucydides.core.model.TestStep.getResult(TestStep.java:268)
	at net.thucydides.core.model.TestStep.getChildResults(TestStep.java:293)
	at net.thucydides.core.model.TestStep.getResultFromChildren(TestStep.java:286)
	at net.thucydides.core.model.TestStep.getResult(TestStep.java:268)
	at net.thucydides.core.model.TestStep.getChildResults(TestStep.java:293)
	at net.thucydides.core.model.TestStep.getResultFromChildren(TestStep.java:286)
	at net.thucydides.core.model.TestStep.getResult(TestStep.java:268)
	at net.thucydides.core.model.TestStep.getChildResults(TestStep.java:293)
	at net.thucydides.core.model.TestStep.getResultFromChildren(TestStep.java:286)
	at net.thucydides.core.model.TestStep.getResult(TestStep.java:268)
	at net.thucydides.core.model.TestStep.getChildResults(TestStep.java:293)
	at net.thucydides.core.model.TestStep.getResultFromChildren(TestStep.java:286)
	at net.thucydides.core.model.TestStep.getResult(TestStep.java:268)
	at net.thucydides.core.model.TestStep.getChildResults(TestStep.java:293)
	at net.thucydides.core.model.TestStep.getResultFromChildren(TestStep.java:286)
	at net.thucydides.core.model.TestStep.getResult(TestStep.java:268)
	at net.thucydides.core.model.TestStep.getChildResults(TestStep.java:293)
	at net.thucydides.core.model.TestStep.getResultFromChildren(TestStep.java:286)
	at net.thucydides.core.model.TestStep.getResult(TestStep.java:268)
	at net.thucydides.core.model.TestStep.getChildResults(TestStep.java:293)
	at net.thucydides.core.model.TestStep.getResultFromChildren(TestStep.java:286)
	at net.thucydides.core.model.TestStep.getResult(TestStep.java:268)
	at net.thucydides.core.model.TestStep.getChildResults(TestStep.java:293)
	at net.thucydides.core.model.TestStep.getResultFromChildren(TestStep.java:286)
	at net.thucydides.core.model.TestStep.getResult(TestStep.java:268)
	at net.thucydides.core.model.TestStep.getChildResults(TestStep.java:293)
	at net.thucydides.core.model.TestStep.getResultFromChildren(TestStep.java:286)
	at net.thucydides.core.model.TestStep.getResult(TestStep.java:268)
	at net.thucydides.core.model.TestStep.getChildResults(TestStep.java:293)
	at net.thucydides.core.model.TestStep.getResultFromChildren(TestStep.java:286)
	at net.thucydides.core.model.TestStep.getResult(TestStep.java:268)
	at net.thucydides.core.model.TestStep.getChildResults(TestStep.java:293)
	at net.thucydides.core.model.TestStep.getResultFromChildren(TestStep.java:286)
	at net.thucydides.core.model.TestStep.getResult(TestStep.java:268)
	at net.thucydides.core.model.TestStep.getChildResults(TestStep.java:293)
	at net.thucydides.core.model.TestStep.getResultFromChildren(TestStep.java:286)
	at net.thucydides.core.model.TestStep.getResult(TestStep.java:268)
	at net.thucydides.core.model.TestStep.getChildResults(TestStep.java:293)
	at net.thucydides.core.model.TestStep.getResultFromChildren(TestStep.java:286)
	at net.thucydides.core.model.TestStep.getResult(TestStep.java:268)
	at net.thucydides.core.model.TestStep.getChildResults(TestStep.java:293)
	at net.thucydides.core.model.TestStep.getResultFromChildren(TestStep.java:286)
	at net.thucydides.core.model.TestStep.getResult(TestStep.java:268)
	at net.thucydides.core.model.TestStep.getChildResults(TestStep.java:293)
	at net.thucydides.core.model.TestStep.getResultFromChildren(TestStep.java:286)
	at net.thucydides.core.model.TestStep.getResult(TestStep.java:268)
	at net.thucydides.core.model.TestStep.getChildResults(TestStep.java:293)
	at net.thucydides.core.model.TestStep.getResultFromChildren(TestStep.java:286)
	at net.thucydides.core.model.TestStep.getResult(TestStep.java:268)
	at net.thucydides.core.model.TestStep.getChildResults(TestStep.java:293)
	at net.thucydides.core.model.TestStep.getResultFromChildren(TestStep.java:286)
	at net.thucydides.core.model.TestStep.getResult(TestStep.java:268)
	at net.thucydides.core.model.TestStep.getChildResults(TestStep.java:293)
	at net.thucydides.core.model.TestStep.getResultFromChildren(TestStep.java:286)
	at net.thucydides.core.model.TestStep.getResult(TestStep.java:268)
	at net.thucydides.core.model.TestStep.getChildResults(TestStep.java:293)
	at net.thucydides.core.model.TestStep.getResultFromChildren(TestStep.java:286)
	at net.thucydides.core.model.TestStep.getResult(TestStep.java:268)
	at net.thucydides.core.model.TestStep.getChildResults(TestStep.java:293)
	at net.thucydides.core.model.TestStep.getResultFromChildren(TestStep.java:286)
	at net.thucydides.core.model.TestStep.getResult(TestStep.java:268)
	at net.thucydides.core.model.TestStep.getChildResults(TestStep.java:293)
	at net.thucydides.core.model.TestStep.getResultFromChildren(TestStep.java:286)
	at net.thucydides.core.model.TestStep.getResult(TestStep.java:268)
	at net.thucydides.core.model.TestStep.getChildResults(TestStep.java:293)
	at net.thucydides.core.model.TestStep.getResultFromChildren(TestStep.java:286)
	at net.thucydides.core.model.TestStep.getResult(TestStep.java:268)
	at net.thucydides.core.model.TestStep.getChildResults(TestStep.java:293)
	at net.thucydides.core.model.TestStep.getResultFromChildren(TestStep.java:286)
	at net.thucydides.core.model.TestStep.getResult(TestStep.java:268)
	at net.thucydides.core.model.TestStep.getChildResults(TestStep.java:293)
	at net.thucydides.core.model.TestStep.getResultFromChildren(TestStep.java:286)
	at net.thucydides.core.model.TestStep.getResult(TestStep.java:268)
	at net.thucydides.core.model.TestStep.getChildResults(TestStep.java:293)
	at net.thucydides.core.model.TestStep.getResultFromChildren(TestStep.java:286)
	at net.thucydides.core.model.TestStep.getResult(TestStep.java:268)
	at net.thucydides.core.model.TestStep.getChildResults(TestStep.java:293)
	at net.thucydides.core.model.TestStep.getResultFromChildren(TestStep.java:286)
	at net.thucydides.core.model.TestStep.getResult(TestStep.java:268)
	at net.thucydides.core.model.TestStep.getChildResults(TestStep.java:293)
	at net.thucydides.core.model.TestStep.getResultFromChildren(TestStep.java:286)
	at net.thucydides.core.model.TestStep.getResult(TestStep.java:268)
	at net.thucydides.core.model.TestStep.getChildResults(TestStep.java:293)
	at net.thucydides.core.model.TestStep.getResultFromChildren(TestStep.java:286)
	at net.thucydides.core.model.TestStep.getResult(TestStep.java:268)
	at net.thucydides.core.model.TestStep.getChildResults(TestStep.java:293)
	at net.thucydides.core.model.TestStep.getResultFromChildren(TestStep.java:286)
	at net.thucydides.core.model.TestStep.getResult(TestStep.java:268)
	at net.thucydides.core.model.TestStep.getChildResults(TestStep.java:293)
	at net.thucydides.core.model.TestStep.getResultFromChildren(TestStep.java:286)
	at net.thucydides.core.model.TestStep.getResult(TestStep.java:268)
	at net.thucydides.core.model.TestStep.getChildResults(TestStep.java:293)
	at net.thucydides.core.model.TestStep.getResultFromChildren(TestStep.java:286)
	at net.thucydides.core.model.TestStep.getResult(TestStep.java:268)
	at net.thucydides.core.model.TestStep.getChildResults(TestStep.java:293)
	at net.thucydides.core.model.TestStep.getResultFromChildren(TestStep.java:286)
	at net.thucydides.core.model.TestStep.getResult(TestStep.java:268)
	at net.thucydides.core.model.TestStep.getChildResults(TestStep.java:293)
	at net.thucydides.core.model.TestStep.getResultFromChildren(TestStep.java:286)
	at net.thucydides.core.model.TestStep.getResult(TestStep.java:268)
	at net.thucydides.core.model.TestStep.getChildResults(TestStep.java:293)
	at net.thucydides.core.model.TestStep.getResultFromChildren(TestStep.java:286)
	at net.thucydides.core.model.TestStep.getResult(TestStep.java:268)
	at net.thucydides.core.model.TestStep.getChildResults(TestStep.java:293)
	at net.thucydides.core.model.TestStep.getResultFromChildren(TestStep.java:286)
	at net.thucydides.core.model.TestStep.getResult(TestStep.java:268)
	at net.thucydides.core.model.TestStep.getChildResults(TestStep.java:293)
	at net.thucydides.core.model.TestStep.getResultFromChildren(TestStep.java:286)
	at net.thucydides.core.model.TestStep.getResult(TestStep.java:268)
	at net.thucydides.core.model.TestStep.getChildResults(TestStep.java:293)
	at net.thucydides.core.model.TestStep.getResultFromChildren(TestStep.java:286)
	at net.thucydides.core.model.TestStep.getResult(TestStep.java:268)
	at net.thucydides.core.model.TestStep.getChildResults(TestStep.java:293)
	at net.thucydides.core.model.TestStep.getResultFromChildren(TestStep.java:286)
	at net.thucydides.core.model.TestStep.getResult(TestStep.java:268)
	at net.thucydides.core.model.TestStep.getChildResults(TestStep.java:293)
	at net.thucydides.core.model.TestStep.getResultFromChildren(TestStep.java:286)
	at net.thucydides.core.model.TestStep.getResult(TestStep.java:268)
	at net.thucydides.core.model.TestStep.getChildResults(TestStep.java:293)
	at net.thucydides.core.model.TestStep.getResultFromChildren(TestStep.java:286)
	at net.thucydides.core.model.TestStep.getResult(TestStep.java:268)
	at net.thucydides.core.model.TestStep.getChildResults(TestStep.java:293)
	at net.thucydides.core.model.TestStep.getResultFromChildren(TestStep.java:286)
	at net.thucydides.core.model.TestStep.getResult(TestStep.java:268)
	at net.thucydides.core.model.TestStep.getChildResults(TestStep.java:293)
	at net.thucydides.core.model.TestStep.getResultFromChildren(TestStep.java:286)
	at net.thucydides.core.model.TestStep.getResult(TestStep.java:268)
	at net.thucydides.core.model.TestStep.getChildResults(TestStep.java:293)
	at net.thucydides.core.model.TestStep.getResultFromChildren(TestStep.java:286)
	at net.thucydides.core.model.TestStep.getResult(TestStep.java:268)
	at net.thucydides.core.model.TestStep.getChildResults(TestStep.java:293)
	at net.thucydides.core.model.TestStep.getResultFromChildren(TestStep.java:286)
	at net.thucydides.core.model.TestStep.getResult(TestStep.java:268)
	at net.thucydides.core.model.TestStep.getChildResults(TestStep.java:293)
	at net.thucydides.core.model.TestStep.getResultFromChildren(TestStep.java:286)
	at net.thucydides.core.model.TestStep.getResult(TestStep.java:268)
	at net.thucydides.core.model.TestStep.getChildResults(TestStep.java:293)
	at net.thucydides.core.model.TestStep.getResultFromChildren(TestStep.java:286)
	at net.thucydides.core.model.TestStep.getResult(TestStep.java:268)
	at net.thucydides.core.model.TestStep.getChildResults(TestStep.java:293)
	at net.thucydides.core.model.TestStep.getResultFromChildren(TestStep.java:286)
	at net.thucydides.core.model.TestStep.getResult(TestStep.java:268)
	at net.thucydides.core.model.TestStep.getChildResults(TestStep.java:293)
	at net.thucydides.core.model.TestStep.getResultFromChildren(TestStep.java:286)
	at net.thucydides.core.model.TestStep.getResult(TestStep.java:268)
	at net.thucydides.core.model.TestStep.getChildResults(TestStep.java:293)
	at net.thucydides.core.model.TestStep.getResultFromChildren(TestStep.java:286)
	at net.thucydides.core.model.TestStep.getResult(TestStep.java:268)
	at net.thucydides.core.model.TestStep.getChildResults(TestStep.java:293)
	at net.thucydides.core.model.TestStep.getResultFromChildren(TestStep.java:286)
	at net.thucydides.core.model.TestStep.getResult(TestStep.java:268)
	at net.thucydides.core.model.TestStep.getChildResults(TestStep.java:293)
	at net.thucydides.core.model.TestStep.getResultFromChildren(TestStep.java:286)
	at net.thucydides.core.model.TestStep.getResult(TestStep.java:268)
	at net.thucydides.core.model.TestStep.getChildResults(TestStep.java:293)
	at net.thucydides.core.model.TestStep.getResultFromChildren(TestStep.java:286)
	at net.thucydides.core.model.TestStep.getResult(TestStep.java:268)
	at net.thucydides.core.model.TestStep.getChildResults(TestStep.java:293)
	at net.thucydides.core.model.TestStep.getResultFromChildren(TestStep.java:286)
	at net.thucydides.core.model.TestStep.getResult(TestStep.java:268)
	at net.thucydides.core.model.TestStep.getChildResults(TestStep.java:293)
	at net.thucydides.core.model.TestStep.getResultFromChildren(TestStep.java:286)
	at net.thucydides.core.model.TestStep.getResult(TestStep.java:268)
	at net.thucydides.core.model.TestStep.getChildResults(TestStep.java:293)
	at net.thucydides.core.model.TestStep.getResultFromChildren(TestStep.java:286)
	at net.thucydides.core.model.TestStep.getResult(TestStep.java:268)
	at net.thucydides.core.model.TestStep.getChildResults(TestStep.java:293)
	at net.thucydides.core.model.TestStep.getResultFromChildren(TestStep.java:286)
	at net.thucydides.core.model.TestStep.getResult(TestStep.java:268)
	at net.thucydides.core.model.TestStep.getChildResults(TestStep.java:293)
	at net.thucydides.core.model.TestStep.getResultFromChildren(TestStep.java:286)
	at net.thucydides.core.model.TestStep.getResult(TestStep.java:268)
	at net.thucydides.core.model.TestStep.getChildResults(TestStep.java:293)
	at net.thucydides.core.model.TestStep.getResultFromChildren(TestStep.java:286)
	at net.thucydides.core.model.TestStep.getResult(TestStep.java:268)
	at net.thucydides.core.model.TestStep.getChildResults(TestStep.java:293)
	at net.thucydides.core.model.TestStep.getResultFromChildren(TestStep.java:286)
	at net.thucydides.core.model.TestStep.getResult(TestStep.java:268)
	at net.thucydides.core.model.TestStep.getChildResults(TestStep.java:293)
	at net.thucydides.core.model.TestStep.getResultFromChildren(TestStep.java:286)
	at net.thucydides.core.model.TestStep.getResult(TestStep.java:268)
	at net.thucydides.core.model.TestStep.getChildResults(TestStep.java:293)
	at net.thucydides.core.model.TestStep.getResultFromChildren(TestStep.java:286)
	at net.thucydides.core.model.TestStep.getResult(TestStep.java:268)
	at net.thucydides.core.model.TestStep.getChildResults(TestStep.java:293)
	at net.thucydides.core.model.TestStep.getResultFromChildren(TestStep.java:286)
	at net.thucydides.core.model.TestStep.getResult(TestStep.java:268)
	at net.thucydides.core.model.TestStep.getChildResults(TestStep.java:293)
	at net.thucydides.core.model.TestStep.getResultFromChildren(TestStep.java:286)
	at net.thucydides.core.model.TestStep.getResult(TestStep.java:268)
	at net.thucydides.core.model.TestStep.getChildResults(TestStep.java:293)
	at net.thucydides.core.model.TestStep.getResultFromChildren(TestStep.java:286)
	at net.thucydides.core.model.TestStep.getResult(TestStep.java:268)
	at net.thucydides.core.model.TestStep.getChildResults(TestStep.java:293)
	at net.thucydides.core.model.TestStep.getResultFromChildren(TestStep.java:286)
	at net.thucydides.core.model.TestStep.getResult(TestStep.java:268)
	at net.thucydides.core.model.TestStep.getChildResults(TestStep.java:293)
	at net.thucydides.core.model.TestStep.getResultFromChildren(TestStep.java:286)
	at net.thucydides.core.model.TestStep.getResult(TestStep.java:268)
	at net.thucydides.core.model.TestStep.getChildResults(TestStep.java:293)
	at net.thucydides.core.model.TestStep.getResultFromChildren(TestStep.java:286)
	at net.thucydides.core.model.TestStep.getResult(TestStep.java:268)
	at net.thucydides.core.model.TestStep.getChildResults(TestStep.java:293)
	at net.thucydides.core.model.TestStep.getResultFromChildren(TestStep.java:286)
	at net.thucydides.core.model.TestStep.getResult(TestStep.java:268)
	at net.thucydides.core.model.TestStep.getChildResults(TestStep.java:293)
	at net.thucydides.core.model.TestStep.getResultFromChildren(TestStep.java:286)
	at net.thucydides.core.model.TestStep.getResult(TestStep.java:268)
	at net.thucydides.core.model.TestStep.getChildResults(TestStep.java:293)
	at net.thucydides.core.model.TestStep.getResultFromChildren(TestStep.java:286)
	at net.thucydides.core.model.TestStep.getResult(TestStep.java:268)
	at net.thucydides.core.model.TestStep.getChildResults(TestStep.java:293)
	at net.thucydides.core.model.TestStep.getResultFromChildren(TestStep.java:286)
	at net.thucydides.core.model.TestStep.getResult(TestStep.java:268)
	at net.thucydides.core.model.TestStep.getChildResults(TestStep.java:293)
	at net.thucydides.core.model.TestStep.getResultFromChildren(TestStep.java:286)
	at net.thucydides.core.model.TestStep.getResult(TestStep.java:268)
	at net.thucydides.core.model.TestStep.getChildResults(TestStep.java:293)
	at net.thucydides.core.model.TestStep.getResultFromChildren(TestStep.java:286)
	at net.thucydides.core.model.TestStep.getResult(TestStep.java:268)
	at net.thucydides.core.model.TestStep.getChildResults(TestStep.java:293)
	at net.thucydides.core.model.TestStep.getResultFromChildren(TestStep.java:286)
	at net.thucydides.core.model.TestStep.getResult(TestStep.java:268)
	at net.thucydides.core.model.TestStep.getChildResults(TestStep.java:293)
	at net.thucydides.core.model.TestStep.getResultFromChildren(TestStep.java:286)
	at net.thucydides.core.model.TestStep.getResult(TestStep.java:268)
	at net.thucydides.core.model.TestStep.getChildResults(TestStep.java:293)
	at net.thucydides.core.model.TestStep.getResultFromChildren(TestStep.java:286)
	at net.thucydides.core.model.TestStep.getResult(TestStep.java:268)
	at net.thucydides.core.model.TestStep.getChildResults(TestStep.java:293)
	at net.thucydides.core.model.TestStep.getResultFromChildren(TestStep.java:286)
	at net.thucydides.core.model.TestStep.getResult(TestStep.java:268)
	at net.thucydides.core.model.TestStep.getChildResults(TestStep.java:293)
	at net.thucydides.core.model.TestStep.getResultFromChildren(TestStep.java:286)
	at net.thucydides.core.model.TestStep.getResult(TestStep.java:268)
	at net.thucydides.core.model.TestStep.getChildResults(TestStep.java:293)
	at net.thucydides.core.model.TestStep.getResultFromChildren(TestStep.java:286)
	at net.thucydides.core.model.TestStep.getResult(TestStep.java:268)
	at net.thucydides.core.model.TestStep.getChildResults(TestStep.java:293)
	at net.thucydides.core.model.TestStep.getResultFromChildren(TestStep.java:286)
	at net.thucydides.core.model.TestStep.getResult(TestStep.java:268)
	at net.thucydides.core.model.TestStep.getChildResults(TestStep.java:293)
	at net.thucydides.core.model.TestStep.getResultFromChildren(TestStep.java:286)
	at net.thucydides.core.model.TestStep.getResult(TestStep.java:268)
	at net.thucydides.core.model.TestStep.getChildResults(TestStep.java:293)
	at net.thucydides.core.model.TestStep.getResultFromChildren(TestStep.java:286)
	at net.thucydides.core.model.TestStep.getResult(TestStep.java:268)
	at net.thucydides.core.model.TestStep.getChildResults(TestStep.java:293)
	at net.thucydides.core.model.TestStep.getResultFromChildren(TestStep.java:286)
	at net.thucydides.core.model.TestStep.getResult(TestStep.java:268)
	at net.thucydides.core.model.TestStep.getChildResults(TestStep.java:293)
	at net.thucydides.core.model.TestStep.getResultFromChildren(TestStep.java:286)
	at net.thucydides.core.model.TestStep.getResult(TestStep.java:268)
	at net.thucydides.core.model.TestStep.getChildResults(TestStep.java:293)
	at net.thucydides.core.model.TestStep.getResultFromChildren(TestStep.java:286)
	at net.thucydides.core.model.TestStep.getResult(TestStep.java:268)
	at net.thucydides.core.model.TestStep.getChildResults(TestStep.java:293)
	at net.thucydides.core.model.TestStep.getResultFromChildren(TestStep.java:286)
	at net.thucydides.core.model.TestStep.getResult(TestStep.java:268)
	at net.thucydides.core.model.TestStep.getChildResults(TestStep.java:293)
	at net.thucydides.core.model.TestStep.getResultFromChildren(TestStep.java:286)
	at net.thucydides.core.model.TestStep.getResult(TestStep.java:268)
	at net.thucydides.core.model.TestStep.getChildResults(TestStep.java:293)
	at net.thucydides.core.model.TestStep.getResultFromChildren(TestStep.java:286)
	at net.thucydides.core.model.TestStep.getResult(TestStep.java:268)
	at net.thucydides.core.model.TestStep.getChildResults(TestStep.java:293)
	at net.thucydides.core.model.TestStep.getResultFromChildren(TestStep.java:286)
	at net.thucydides.core.model.TestStep.getResult(TestStep.java:268)
	at net.thucydides.core.model.TestStep.getChildResults(TestStep.java:293)
	at net.thucydides.core.model.TestStep.getResultFromChildren(TestStep.java:286)
	at net.thucydides.core.model.TestStep.getResult(TestStep.java:268)
	at net.thucydides.core.model.TestStep.getChildResults(TestStep.java:293)
	at net.thucydides.core.model.TestStep.getResultFromChildren(TestStep.java:286)
	at net.thucydides.core.model.TestStep.getResult(TestStep.java:268)
	at net.thucydides.core.model.TestStep.getChildResults(TestStep.java:293)
	at net.thucydides.core.model.TestStep.getResultFromChildren(TestStep.java:286)
	at net.thucydides.core.model.TestStep.getResult(TestStep.java:268)
	at net.thucydides.core.model.TestStep.getChildResults(TestStep.java:293)
	at net.thucydides.core.model.TestStep.getResultFromChildren(TestStep.java:286)
	at net.thucydides.core.model.TestStep.getResult(TestStep.java:268)
	at net.thucydides.core.model.TestStep.getChildResults(TestStep.java:293)
	at net.thucydides.core.model.TestStep.getResultFromChildren(TestStep.java:286)
	at net.thucydides.core.model.TestStep.getResult(TestStep.java:268)
	at net.thucydides.core.model.TestStep.getChildResults(TestStep.java:293)
	at net.thucydides.core.model.TestStep.getResultFromChildren(TestStep.java:286)
	at net.thucydides.core.model.TestStep.getResult(TestStep.java:268)
	at net.thucydides.core.model.TestStep.getChildResults(TestStep.java:293)
	at net.thucydides.core.model.TestStep.getResultFromChildren(TestStep.java:286)
	at net.thucydides.core.model.TestStep.getResult(TestStep.java:268)
	at net.thucydides.core.model.TestStep.getChildResults(TestStep.java:293)
	at net.thucydides.core.model.TestStep.getResultFromChildren(TestStep.java:286)
	at net.thucydides.core.model.TestStep.getResult(TestStep.java:268)
	at net.thucydides.core.model.TestStep.getChildResults(TestStep.java:293)
	at net.thucydides.core.model.TestStep.getResultFromChildren(TestStep.java:286)
	at net.thucydides.core.model.TestStep.getResult(TestStep.java:268)
	at net.thucydides.core.model.TestStep.getChildResults(TestStep.java:293)
	at net.thucydides.core.model.TestStep.getResultFromChildren(TestStep.java:286)
	at net.thucydides.core.model.TestStep.getResult(TestStep.java:268)
	at net.thucydides.core.model.TestStep.getChildResults(TestStep.java:293)
	at net.thucydides.core.model.TestStep.getResultFromChildren(TestStep.java:286)
	at net.thucydides.core.model.TestStep.getResult(TestStep.java:268)
	at net.thucydides.core.model.TestStep.getChildResults(TestStep.java:293)
	at net.thucydides.core.model.TestStep.getResultFromChildren(TestStep.java:286)
	at net.thucydides.core.model.TestStep.getResult(TestStep.java:268)
	at net.thucydides.core.model.TestStep.getChildResults(TestStep.java:293)
	at net.thucydides.core.model.TestStep.getResultFromChildren(TestStep.java:286)
	at net.thucydides.core.model.TestStep.getResult(TestStep.java:268)
	at net.thucydides.core.model.TestStep.getChildResults(TestStep.java:293)
	at net.thucydides.core.model.TestStep.getResultFromChildren(TestStep.java:286)
	at net.thucydides.core.model.TestStep.getResult(TestStep.java:268)
	at net.thucydides.core.model.TestStep.getChildResults(TestStep.java:293)
	at net.thucydides.core.model.TestStep.getResultFromChildren(TestStep.java:286)
	at net.thucydides.core.model.TestStep.getResult(TestStep.java:268)
	at net.thucydides.core.model.TestStep.getChildResults(TestStep.java:293)
	at net.thucydides.core.model.TestStep.getResultFromChildren(TestStep.java:286)
	at net.thucydides.core.model.TestStep.getResult(TestStep.java:268)
	at net.thucydides.core.model.TestStep.getChildResults(TestStep.java:293)
	at net.thucydides.core.model.TestStep.getResultFromChildren(TestStep.java:286)
	at net.thucydides.core.model.TestStep.getResult(TestStep.java:268)
	at net.thucydides.core.model.TestStep.getChildResults(TestStep.java:293)
	at net.thucydides.core.model.TestStep.getResultFromChildren(TestStep.java:286)
	at net.thucydides.core.model.TestStep.getResult(TestStep.java:268)
	at net.thucydides.core.model.TestStep.getChildResults(TestStep.java:293)
	at net.thucydides.core.model.TestStep.getResultFromChildren(TestStep.java:286)
	at net.thucydides.core.model.TestStep.getResult(TestStep.java:268)
	at net.thucydides.core.model.TestStep.getChildResults(TestStep.java:293)
	at net.thucydides.core.model.TestStep.getResultFromChildren(TestStep.java:286)
	at net.thucydides.core.model.TestStep.getResult(TestStep.java:268)
	at net.thucydides.core.model.TestStep.getChildResults(TestStep.java:293)
	at net.thucydides.core.model.TestStep.getResultFromChildren(TestStep.java:286)
	at net.thucydides.core.model.TestStep.getResult(TestStep.java:268)
	at net.thucydides.core.model.TestStep.getChildResults(TestStep.java:293)
	at net.thucydides.core.model.TestStep.getResultFromChildren(TestStep.java:286)
	at net.thucydides.core.model.TestStep.getResult(TestStep.java:268)
	at net.thucydides.core.model.TestStep.getChildResults(TestStep.java:293)
	at net.thucydides.core.model.TestStep.getResultFromChildren(TestStep.java:286)
	at net.thucydides.core.model.TestStep.getResult(TestStep.java:268)
	at net.thucydides.core.model.TestStep.getChildResults(TestStep.java:293)
	at net.thucydides.core.model.TestStep.getResultFromChildren(TestStep.java:286)
	at net.thucydides.core.model.TestStep.getResult(TestStep.java:268)
	at net.thucydides.core.model.TestStep.getChildResults(TestStep.java:293)
	at net.thucydides.core.model.TestStep.getResultFromChildren(TestStep.java:286)
	at net.thucydides.core.model.TestStep.getResult(TestStep.java:268)
	at net.thucydides.core.model.TestStep.getChildResults(TestStep.java:293)
	at net.thucydides.core.model.TestStep.getResultFromChildren(TestStep.java:286)
	at net.thucydides.core.model.TestStep.getResult(TestStep.java:268)
	at net.thucydides.core.model.TestStep.getChildResults(TestStep.java:293)
	at net.thucydides.core.model.TestStep.getResultFromChildren(TestStep.java:286)
	at net.thucydides.core.model.TestStep.getResult(TestStep.java:268)
	at net.thucydides.core.model.TestStep.getChildResults(TestStep.java:293)
	at net.thucydides.core.model.TestStep.getResultFromChildren(TestStep.java:286)
	at net.thucydides.core.model.TestStep.getResult(TestStep.java:268)
	at net.thucydides.core.model.TestStep.getChildResults(TestStep.java:293)
	at net.thucydides.core.model.TestStep.getResultFromChildren(TestStep.java:286)
	at net.thucydides.core.model.TestStep.getResult(TestStep.java:268)
	at net.thucydides.core.model.TestStep.getChildResults(TestStep.java:293)
	at net.thucydides.core.model.TestStep.getResultFromChildren(TestStep.java:286)
	at net.thucydides.core.model.TestStep.getResult(TestStep.java:268)
	at net.thucydides.core.model.TestStep.getChildResults(TestStep.java:293)
	at net.thucydides.core.model.TestStep.getResultFromChildren(TestStep.java:286)
	at net.thucydides.core.model.TestStep.getResult(TestStep.java:268)
	at net.thucydides.core.model.TestStep.getChildResults(TestStep.java:293)
	at net.thucydides.core.model.TestStep.getResultFromChildren(TestStep.java:286)
	at net.thucydides.core.model.TestStep.getResult(TestStep.java:268)
	at net.thucydides.core.model.TestStep.getChildResults(TestStep.java:293)
	at net.thucydides.core.model.TestStep.getResultFromChildren(TestStep.java:286)
	at net.thucydides.core.model.TestStep.getResult(TestStep.java:268)
	at net.thucydides.core.model.TestStep.getChildResults(TestStep.java:293)
	at net.thucydides.core.model.TestStep.getResultFromChildren(TestStep.java:286)
	at net.thucydides.core.model.TestStep.getResult(TestStep.java:268)
	at net.thucydides.core.model.TestStep.getChildResults(TestStep.java:293)
	at net.thucydides.core.model.TestStep.getResultFromChildren(TestStep.java:286)
	at net.thucydides.core.model.TestStep.getResult(TestStep.java:268)
	at net.thucydides.core.model.TestStep.getChildResults(TestStep.java:293)
	at net.thucydides.core.model.TestStep.getResultFromChildren(TestStep.java:286)
	at net.thucydides.core.model.TestStep.getResult(TestStep.java:268)
	at net.thucydides.core.model.TestStep.getChildResults(TestStep.java:293)
	at net.thucydides.core.model.TestStep.getResultFromChildren(TestStep.java:286)
	at net.thucydides.core.model.TestStep.getResult(TestStep.java:268)
	at net.thucydides.core.model.TestStep.getChildResults(TestStep.java:293)
	at net.thucydides.core.model.TestStep.getResultFromChildren(TestStep.java:286)
	at net.thucydides.core.model.TestStep.getResult(TestStep.java:268)
	at net.thucydides.core.model.TestStep.getChildResults(TestStep.java:293)
	at net.thucydides.core.model.TestStep.getResultFromChildren(TestStep.java:286)
	at net.thucydides.core.model.TestStep.getResult(TestStep.java:268)
	at net.thucydides.core.model.TestStep.getChildResults(TestStep.java:293)
	at net.thucydides.core.model.TestStep.getResultFromChildren(TestStep.java:286)
	at net.thucydides.core.model.TestStep.getResult(TestStep.java:268)
	at net.thucydides.core.model.TestStep.getChildResults(TestStep.java:293)
	at net.thucydides.core.model.TestStep.getResultFromChildren(TestStep.java:286)
	at net.thucydides.core.model.TestStep.getResult(TestStep.java:268)
	at net.thucydides.core.model.TestStep.getChildResults(TestStep.java:293)
	at net.thucydides.core.model.TestStep.getResultFromChildren(TestStep.java:286)
	at net.thucydides.core.model.TestStep.getResult(TestStep.java:268)
	at net.thucydides.core.model.TestStep.getChildResults(TestStep.java:293)
	at net.thucydides.core.model.TestStep.getResultFromChildren(TestStep.java:286)
	at net.thucydides.core.model.TestStep.getResult(TestStep.java:268)
	at net.thucydides.core.model.TestStep.getChildResults(TestStep.java:293)
	at net.thucydides.core.model.TestStep.getResultFromChildren(TestStep.java:286)
	at net.thucydides.core.model.TestStep.getResult(TestStep.java:268)
	at net.thucydides.core.model.TestStep.getChildResults(TestStep.java:293)
	at net.thucydides.core.model.TestStep.getResultFromChildren(TestStep.java:286)
	at net.thucydides.core.model.TestStep.getResult(TestStep.java:268)
	at net.thucydides.core.model.TestStep.getChildResults(TestStep.java:293)
	at net.thucydides.core.model.TestStep.getResultFromChildren(TestStep.java:286)
	at net.thucydides.core.model.TestStep.getResult(TestStep.java:268)
	at net.thucydides.core.model.TestStep.getChildResults(TestStep.java:293)
	at net.thucydides.core.model.TestStep.getResultFromChildren(TestStep.java:286)

Scenario: Validate auth status  Time elapsed: 0.031 sec  <<< ERROR!
net.serenitybdd.core.exceptions.SerenityManagedException: null
	at com.google.common.collect.ImmutableList.copyOf(ImmutableList.java:257)
	at net.thucydides.core.model.TestStep.getChildren(TestStep.java:230)
	at net.thucydides.core.model.TestStep.getChildResults(TestStep.java:292)
	at net.thucydides.core.model.TestStep.getResultFromChildren(TestStep.java:286)
	at net.thucydides.core.model.TestStep.getResult(TestStep.java:268)
	at net.thucydides.core.model.TestStep.getChildResults(TestStep.java:293)
	at net.thucydides.core.model.TestStep.getResultFromChildren(TestStep.java:286)
	at net.thucydides.core.model.TestStep.getResult(TestStep.java:268)
	at net.thucydides.core.model.TestStep.getChildResults(TestStep.java:293)
	at net.thucydides.core.model.TestStep.getResultFromChildren(TestStep.java:286)
	at net.thucydides.core.model.TestStep.getResult(TestStep.java:268)
	at net.thucydides.core.model.TestStep.getChildResults(TestStep.java:293)
	at net.thucydides.core.model.TestStep.getResultFromChildren(TestStep.java:286)
	at net.thucydides.core.model.TestStep.getResult(TestStep.java:268)
	at net.thucydides.core.model.TestStep.getChildResults(TestStep.java:293)
	at net.thucydides.core.model.TestStep.getResultFromChildren(TestStep.java:286)
	at net.thucydides.core.model.TestStep.getResult(TestStep.java:268)
	at net.thucydides.core.model.TestStep.getChildResults(TestStep.java:293)
	at net.thucydides.core.model.TestStep.getResultFromChildren(TestStep.java:286)
	at net.thucydides.core.model.TestStep.getResult(TestStep.java:268)
	at net.thucydides.core.model.TestStep.getChildResults(TestStep.java:293)
	at net.thucydides.core.model.TestStep.getResultFromChildren(TestStep.java:286)
	at net.thucydides.core.model.TestStep.getResult(TestStep.java:268)
	at net.thucydides.core.model.TestStep.getChildResults(TestStep.java:293)
	at net.thucydides.core.model.TestStep.getResultFromChildren(TestStep.java:286)
	at net.thucydides.core.model.TestStep.getResult(TestStep.java:268)
	at net.thucydides.core.model.TestStep.getChildResults(TestStep.java:293)
	at net.thucydides.core.model.TestStep.getResultFromChildren(TestStep.java:286)
	at net.thucydides.core.model.TestStep.getResult(TestStep.java:268)
	at net.thucydides.core.model.TestStep.getChildResults(TestStep.java:293)
	at net.thucydides.core.model.TestStep.getResultFromChildren(TestStep.java:286)
	at net.thucydides.core.model.TestStep.getResult(TestStep.java:268)
	at net.thucydides.core.model.TestStep.getChildResults(TestStep.java:293)
	at net.thucydides.core.model.TestStep.getResultFromChildren(TestStep.java:286)
	at net.thucydides.core.model.TestStep.getResult(TestStep.java:268)
	at net.thucydides.core.model.TestStep.getChildResults(TestStep.java:293)
	at net.thucydides.core.model.TestStep.getResultFromChildren(TestStep.java:286)
	at net.thucydides.core.model.TestStep.getResult(TestStep.java:268)
	at net.thucydides.core.model.TestStep.getChildResults(TestStep.java:293)
	at net.thucydides.core.model.TestStep.getResultFromChildren(TestStep.java:286)
	at net.thucydides.core.model.TestStep.getResult(TestStep.java:268)
	at net.thucydides.core.model.TestStep.getChildResults(TestStep.java:293)
	at net.thucydides.core.model.TestStep.getResultFromChildren(TestStep.java:286)
	at net.thucydides.core.model.TestStep.getResult(TestStep.java:268)
	at net.thucydides.core.model.TestStep.getChildResults(TestStep.java:293)
	at net.thucydides.core.model.TestStep.getResultFromChildren(TestStep.java:286)
	at net.thucydides.core.model.TestStep.getResult(TestStep.java:268)
	at net.thucydides.core.model.TestStep.getChildResults(TestStep.java:293)
[...]
	at net.thucydides.core.model.TestStep.getResult(TestStep.java:268)
	at net.thucydides.core.model.TestStep.getChildResults(TestStep.java:293)
	at net.thucydides.core.model.TestStep.getResultFromChildren(TestStep.java:286)
	at net.thucydides.core.model.TestStep.getResult(TestStep.java:268)
	at net.thucydides.core.model.TestStep.getChildResults(TestStep.java:293)
	at net.thucydides.core.model.TestStep.getResultFromChildren(TestStep.java:286)
	at net.thucydides.core.model.TestStep.getResult(TestStep.java:268)
	at net.thucydides.core.model.TestStep.getChildResults(TestStep.java:293)
	at net.thucydides.core.model.TestStep.getResultFromChildren(TestStep.java:286)
	at net.thucydides.core.model.TestStep.getResult(TestStep.java:268)
	at net.thucydides.core.model.TestStep.getChildResults(TestStep.java:293)
	at net.thucydides.core.model.TestStep.getResultFromChildren(TestStep.java:286)
	at net.thucydides.core.model.TestStep.getResult(TestStep.java:268)
	at net.thucydides.core.model.TestStep.getChildResults(TestStep.java:293)
	at net.thucydides.core.model.TestStep.getResultFromChildren(TestStep.java:286)
	at net.thucydides.core.model.TestStep.getResult(TestStep.java:268)
	at net.thucydides.core.model.TestStep.getChildResults(TestStep.java:293)
	at net.thucydides.core.model.TestStep.getResultFromChildren(TestStep.java:286)
	at net.thucydides.core.model.TestStep.getResult(TestStep.java:268)
	at net.thucydides.core.model.TestStep.getChildResults(TestStep.java:293)
	at net.thucydides.core.model.TestStep.getResultFromChildren(TestStep.java:286)
	at net.thucydides.core.model.TestStep.getResult(TestStep.java:268)
	at net.thucydides.core.model.TestStep.getChildResults(TestStep.java:293)
	at net.thucydides.core.model.TestStep.getResultFromChildren(TestStep.java:286)
	at net.thucydides.core.model.TestStep.getResult(TestStep.java:268)
	at net.thucydides.core.model.TestStep.getChildResults(TestStep.java:293)
	at net.thucydides.core.model.TestStep.getResultFromChildren(TestStep.java:286)
	at net.thucydides.core.model.TestStep.getResult(TestStep.java:268)
	at net.thucydides.core.model.TestStep.getChildResults(TestStep.java:293)
	at net.thucydides.core.model.TestStep.getResultFromChildren(TestStep.java:286)
	at net.thucydides.core.model.TestStep.getResult(TestStep.java:268)
	at net.thucydides.core.model.TestStep.getChildResults(TestStep.java:293)
	at net.thucydides.core.model.TestStep.getResultFromChildren(TestStep.java:286)
	at net.thucydides.core.model.TestStep.getResult(TestStep.java:268)
	at net.thucydides.core.model.TestStep.getChildResults(TestStep.java:293)
	at net.thucydides.core.model.TestStep.getResultFromChildren(TestStep.java:286)
	at net.thucydides.core.model.TestStep.getResult(TestStep.java:268)
	at net.thucydides.core.model.TestStep.getChildResults(TestStep.java:293)
	at net.thucydides.core.model.TestStep.getResultFromChildren(TestStep.java:286)
	at net.thucydides.core.model.TestStep.getResult(TestStep.java:268)
	at net.thucydides.core.model.TestStep.getChildResults(TestStep.java:293)
	at net.thucydides.core.model.TestStep.getResultFromChildren(TestStep.java:286)
	at net.thucydides.core.model.TestStep.getResult(TestStep.java:268)
	at net.thucydides.core.model.TestStep.getChildResults(TestStep.java:293)
	at net.thucydides.core.model.TestStep.getResultFromChildren(TestStep.java:286)
	at net.thucydides.core.model.TestStep.getResult(TestStep.java:268)
	at net.thucydides.core.model.TestStep.getChildResults(TestStep.java:293)
	at net.thucydides.core.model.TestStep.getResultFromChildren(TestStep.java:286)
	at net.thucydides.core.model.TestStep.getResult(TestStep.java:268)
	at net.thucydides.core.model.TestStep.getChildResults(TestStep.java:293)
	at net.thucydides.core.model.TestStep.getResultFromChildren(TestStep.java:286)
	at net.thucydides.core.model.TestStep.getResult(TestStep.java:268)
	at net.thucydides.core.model.TestStep.getChildResults(TestStep.java:293)
	at net.thucydides.core.model.TestStep.getResultFromChildren(TestStep.java:286)
	at net.thucydides.core.model.TestStep.getResult(TestStep.java:268)
	at net.thucydides.core.model.TestStep.getChildResults(TestStep.java:293)
	at net.thucydides.core.model.TestStep.getResultFromChildren(TestStep.java:286)
	at net.thucydides.core.model.TestStep.getResult(TestStep.java:268)
	at net.thucydides.core.model.TestStep.getChildResults(TestStep.java:293)
	at net.thucydides.core.model.TestStep.getResultFromChildren(TestStep.java:286)
	at net.thucydides.core.model.TestStep.getResult(TestStep.java:268)
	at net.thucydides.core.model.TestStep.getChildResults(TestStep.java:293)
	at net.thucydides.core.model.TestStep.getResultFromChildren(TestStep.java:286)
	at net.thucydides.core.model.TestStep.getResult(TestStep.java:268)
	at net.thucydides.core.model.TestStep.getChildResults(TestStep.java:293)
	at net.thucydides.core.model.TestStep.getResultFromChildren(TestStep.java:286)
	at net.thucydides.core.model.TestStep.getResult(TestStep.java:268)
	at net.thucydides.core.model.TestStep.getChildResults(TestStep.java:293)
	at net.thucydides.core.model.TestStep.getResultFromChildren(TestStep.java:286)
	at net.thucydides.core.model.TestStep.getResult(TestStep.java:268)
	at net.thucydides.core.model.TestStep.getChildResults(TestStep.java:293)
	at net.thucydides.core.model.TestStep.getResultFromChildren(TestStep.java:286)
	at net.thucydides.core.model.TestStep.getResult(TestStep.java:268)
	at net.thucydides.core.model.TestStep.getChildResults(TestStep.java:293)
	at net.thucydides.core.model.TestStep.getResultFromChildren(TestStep.java:286)
	at net.thucydides.core.model.TestStep.getResult(TestStep.java:268)
	at net.thucydides.core.model.TestStep.getChildResults(TestStep.java:293)
	at net.thucydides.core.model.TestStep.getResultFromChildren(TestStep.java:286)
	at net.thucydides.core.model.TestStep.getResult(TestStep.java:268)
	at net.thucydides.core.model.TestStep.getChildResults(TestStep.java:293)
	at net.thucydides.core.model.TestStep.getResultFromChildren(TestStep.java:286)
	at net.thucydides.core.model.TestStep.getResult(TestStep.java:268)
	at net.thucydides.core.model.TestStep.getChildResults(TestStep.java:293)
	at net.thucydides.core.model.TestStep.getResultFromChildren(TestStep.java:286)
	at net.thucydides.core.model.TestStep.getResult(TestStep.java:268)
	at net.thucydides.core.model.TestStep.getChildResults(TestStep.java:293)
	at net.thucydides.core.model.TestStep.getResultFromChildren(TestStep.java:286)
	at net.thucydides.core.model.TestStep.getResult(TestStep.java:268)
	at net.thucydides.core.model.TestStep.getChildResults(TestStep.java:293)
	at net.thucydides.core.model.TestStep.getResultFromChildren(TestStep.java:286)
	at net.thucydides.core.model.TestStep.getResult(TestStep.java:268)
	at net.thucydides.core.model.TestStep.getChildResults(TestStep.java:293)
	at net.thucydides.core.model.TestStep.getResultFromChildren(TestStep.java:286)
	at net.thucydides.core.model.TestStep.getResult(TestStep.java:268)
	at net.thucydides.core.model.TestStep.getChildResults(TestStep.java:293)
	at net.thucydides.core.model.TestStep.getResultFromChildren(TestStep.java:286)
	at net.thucydides.core.model.TestStep.getResult(TestStep.java:268)
	at net.thucydides.core.model.TestStep.getChildResults(TestStep.java:293)
	at net.thucydides.core.model.TestStep.getResultFromChildren(TestStep.java:286)
	at net.thucydides.core.model.TestStep.getResult(TestStep.java:268)
	at net.thucydides.core.model.TestStep.getChildResults(TestStep.java:293)
	at net.thucydides.core.model.TestStep.getResultFromChildren(TestStep.java:286)
	at net.thucydides.core.model.TestStep.getResult(TestStep.java:268)
	at net.thucydides.core.model.TestStep.getChildResults(TestStep.java:293)
	at net.thucydides.core.model.TestStep.getResultFromChildren(TestStep.java:286)
	at net.thucydides.core.model.TestStep.getResult(TestStep.java:268)
	at net.thucydides.core.model.TestStep.getChildResults(TestStep.java:293)
	at net.thucydides.core.model.TestStep.getResultFromChildren(TestStep.java:286)
	at net.thucydides.core.model.TestStep.getResult(TestStep.java:268)
	at net.thucydides.core.model.TestStep.getChildResults(TestStep.java:293)
	at net.thucydides.core.model.TestStep.getResultFromChildren(TestStep.java:286)
	at net.thucydides.core.model.TestStep.getResult(TestStep.java:268)
	at net.thucydides.core.model.TestStep.getChildResults(TestStep.java:293)
	at net.thucydides.core.model.TestStep.getResultFromChildren(TestStep.java:286)
	at net.thucydides.core.model.TestStep.getResult(TestStep.java:268)
	at net.thucydides.core.model.TestStep.getChildResults(TestStep.java:293)
	at net.thucydides.core.model.TestStep.getResultFromChildren(TestStep.java:286)
	at net.thucydides.core.model.TestStep.getResult(TestStep.java:268)
	at net.thucydides.core.model.TestStep.getChildResults(TestStep.java:293)
	at net.thucydides.core.model.TestStep.getResultFromChildren(TestStep.java:286)
	at net.thucydides.core.model.TestStep.getResult(TestStep.java:268)
	at net.thucydides.core.model.TestStep.getChildResults(TestStep.java:293)
	at net.thucydides.core.model.TestStep.getResultFromChildren(TestStep.java:286)
	at net.thucydides.core.model.TestStep.getResult(TestStep.java:268)
	at net.thucydides.core.model.TestStep.getChildResults(TestStep.java:293)
	at net.thucydides.core.model.TestStep.getResultFromChildren(TestStep.java:286)
	at net.thucydides.core.model.TestStep.getResult(TestStep.java:268)
	at net.thucydides.core.model.TestStep.getChildResults(TestStep.java:293)
	at net.thucydides.core.model.TestStep.getResultFromChildren(TestStep.java:286)
	at net.thucydides.core.model.TestStep.getResult(TestStep.java:268)
	at net.thucydides.core.model.TestStep.getChildResults(TestStep.java:293)
	at net.thucydides.core.model.TestStep.getResultFromChildren(TestStep.java:286)
	at net.thucydides.core.model.TestStep.getResult(TestStep.java:268)
	at net.thucydides.core.model.TestStep.getChildResults(TestStep.java:293)
	at net.thucydides.core.model.TestStep.getResultFromChildren(TestStep.java:286)
	at net.thucydides.core.model.TestStep.getResult(TestStep.java:268)
	at net.thucydides.core.model.TestStep.getChildResults(TestStep.java:293)
	at net.thucydides.core.model.TestStep.getResultFromChildren(TestStep.java:286)
	at net.thucydides.core.model.TestStep.getResult(TestStep.java:268)
	at net.thucydides.core.model.TestStep.getChildResults(TestStep.java:293)
	at net.thucydides.core.model.TestStep.getResultFromChildren(TestStep.java:286)
	at net.thucydides.core.model.TestStep.getResult(TestStep.java:268)
	at net.thucydides.core.model.TestStep.getChildResults(TestStep.java:293)
	at net.thucydides.core.model.TestStep.getResultFromChildren(TestStep.java:286)
	at net.thucydides.core.model.TestStep.getResult(TestStep.java:268)
	at net.thucydides.core.model.TestStep.getChildResults(TestStep.java:293)
	at net.thucydides.core.model.TestStep.getResultFromChildren(TestStep.java:286)
	at net.thucydides.core.model.TestStep.getResult(TestStep.java:268)
	at net.thucydides.core.model.TestStep.getChildResults(TestStep.java:293)
	at net.thucydides.core.model.TestStep.getResultFromChildren(TestStep.java:286)
	at net.thucydides.core.model.TestStep.getResult(TestStep.java:268)
	at net.thucydides.core.model.TestStep.getChildResults(TestStep.java:293)
	at net.thucydides.core.model.TestStep.getResultFromChildren(TestStep.java:286)
	at net.thucydides.core.model.TestStep.getResult(TestStep.java:268)
	at net.thucydides.core.model.TestStep.getChildResults(TestStep.java:293)
	at net.thucydides.core.model.TestStep.getResultFromChildren(TestStep.java:286)
	at net.thucydides.core.model.TestStep.getResult(TestStep.java:268)
	at net.thucydides.core.model.TestStep.getChildResults(TestStep.java:293)
	at net.thucydides.core.model.TestStep.getResultFromChildren(TestStep.java:286)
	at net.thucydides.core.model.TestStep.getResult(TestStep.java:268)
	at net.thucydides.core.model.TestStep.getChildResults(TestStep.java:293)
	at net.thucydides.core.model.TestStep.getResultFromChildren(TestStep.java:286)
	at net.thucydides.core.model.TestStep.getResult(TestStep.java:268)
	at net.thucydides.core.model.TestStep.getChildResults(TestStep.java:293)
	at net.thucydides.core.model.TestStep.getResultFromChildren(TestStep.java:286)
	at net.thucydides.core.model.TestStep.getResult(TestStep.java:268)
	at net.thucydides.core.model.TestStep.getChildResults(TestStep.java:293)
	at net.thucydides.core.model.TestStep.getResultFromChildren(TestStep.java:286)
	at net.thucydides.core.model.TestStep.getResult(TestStep.java:268)
	at net.thucydides.core.model.TestStep.getChildResults(TestStep.java:293)
	at net.thucydides.core.model.TestStep.getResultFromChildren(TestStep.java:286)
	at net.thucydides.core.model.TestStep.getResult(TestStep.java:268)
	at net.thucydides.core.model.TestStep.getChildResults(TestStep.java:293)
	at net.thucydides.core.model.TestStep.getResultFromChildren(TestStep.java:286)
	at net.thucydides.core.model.TestStep.getResult(TestStep.java:268)
	at net.thucydides.core.model.TestStep.getChildResults(TestStep.java:293)
	at net.thucydides.core.model.TestStep.getResultFromChildren(TestStep.java:286)
	at net.thucydides.core.model.TestStep.getResult(TestStep.java:268)
	at net.thucydides.core.model.TestStep.getChildResults(TestStep.java:293)
	at net.thucydides.core.model.TestStep.getResultFromChildren(TestStep.java:286)
	at net.thucydides.core.model.TestStep.getResult(TestStep.java:268)
	at net.thucydides.core.model.TestStep.getChildResults(TestStep.java:293)
	at net.thucydides.core.model.TestStep.getResultFromChildren(TestStep.java:286)
	at net.thucydides.core.model.TestStep.getResult(TestStep.java:268)
	at net.thucydides.core.model.TestStep.getChildResults(TestStep.java:293)
	at net.thucydides.core.model.TestStep.getResultFromChildren(TestStep.java:286)
	at net.thucydides.core.model.TestStep.getResult(TestStep.java:268)
	at net.thucydides.core.model.TestStep.getChildResults(TestStep.java:293)
	at net.thucydides.core.model.TestStep.getResultFromChildren(TestStep.java:286)
	at net.thucydides.core.model.TestStep.getResult(TestStep.java:268)
	at net.thucydides.core.model.TestStep.getChildResults(TestStep.java:293)
	at net.thucydides.core.model.TestStep.getResultFromChildren(TestStep.java:286)
	at net.thucydides.core.model.TestStep.getResult(TestStep.java:268)
	at net.thucydides.core.model.TestStep.getChildResults(TestStep.java:293)
	at net.thucydides.core.model.TestStep.getResultFromChildren(TestStep.java:286)
	at net.thucydides.core.model.TestStep.getResult(TestStep.java:268)
	at net.thucydides.core.model.TestStep.getChildResults(TestStep.java:293)
	at net.thucydides.core.model.TestStep.getResultFromChildren(TestStep.java:286)
	at net.thucydides.core.model.TestStep.getResult(TestStep.java:268)
	at net.thucydides.core.model.TestStep.getChildResults(TestStep.java:293)
	at net.thucydides.core.model.TestStep.getResultFromChildren(TestStep.java:286)
	at net.thucydides.core.model.TestStep.getResult(TestStep.java:268)
	at net.thucydides.core.model.TestStep.getChildResults(TestStep.java:293)
	at net.thucydides.core.model.TestStep.getResultFromChildren(TestStep.java:286)
	at net.thucydides.core.model.TestStep.getResult(TestStep.java:268)
	at net.thucydides.core.model.TestStep.getChildResults(TestStep.java:293)
	at net.thucydides.core.model.TestStep.getResultFromChildren(TestStep.java:286)
	at net.thucydides.core.model.TestStep.getResult(TestStep.java:268)
	at net.thucydides.core.model.TestStep.getChildResults(TestStep.java:293)
	at net.thucydides.core.model.TestStep.getResultFromChildren(TestStep.java:286)
	at net.thucydides.core.model.TestStep.getResult(TestStep.java:268)
	at net.thucydides.core.model.TestStep.getChildResults(TestStep.java:293)
	at net.thucydides.core.model.TestStep.getResultFromChildren(TestStep.java:286)
	at net.thucydides.core.model.TestStep.getResult(TestStep.java:268)
	at net.thucydides.core.model.TestStep.getChildResults(TestStep.java:293)
	at net.thucydides.core.model.TestStep.getResultFromChildren(TestStep.java:286)
	at net.thucydides.core.model.TestStep.getResult(TestStep.java:268)
	at net.thucydides.core.model.TestStep.getChildResults(TestStep.java:293)
	at net.thucydides.core.model.TestStep.getResultFromChildren(TestStep.java:286)
	at net.thucydides.core.model.TestStep.getResult(TestStep.java:268)
	at net.thucydides.core.model.TestStep.getChildResults(TestStep.java:293)
	at net.thucydides.core.model.TestStep.getResultFromChildren(TestStep.java:286)
	at net.thucydides.core.model.TestStep.getResult(TestStep.java:268)
	at net.thucydides.core.model.TestStep.getChildResults(TestStep.java:293)
	at net.thucydides.core.model.TestStep.getResultFromChildren(TestStep.java:286)
	at net.thucydides.core.model.TestStep.getResult(TestStep.java:268)
	at net.thucydides.core.model.TestStep.getChildResults(TestStep.java:293)
	at net.thucydides.core.model.TestStep.getResultFromChildren(TestStep.java:286)
	at net.thucydides.core.model.TestStep.getResult(TestStep.java:268)
	at net.thucydides.core.model.TestStep.getChildResults(TestStep.java:293)
	at net.thucydides.core.model.TestStep.getResultFromChildren(TestStep.java:286)
	at net.thucydides.core.model.TestStep.getResult(TestStep.java:268)
	at net.thucydides.core.model.TestStep.getChildResults(TestStep.java:293)
	at net.thucydides.core.model.TestStep.getResultFromChildren(TestStep.java:286)
	at net.thucydides.core.model.TestStep.getResult(TestStep.java:268)
	at net.thucydides.core.model.TestStep.getChildResults(TestStep.java:293)
	at net.thucydides.core.model.TestStep.getResultFromChildren(TestStep.java:286)
	at net.thucydides.core.model.TestStep.getResult(TestStep.java:268)
	at net.thucydides.core.model.TestStep.getChildResults(TestStep.java:293)
	at net.thucydides.core.model.TestStep.getResultFromChildren(TestStep.java:286)
	at net.thucydides.core.model.TestStep.getResult(TestStep.java:268)
	at net.thucydides.core.model.TestStep.getChildResults(TestStep.java:293)
	at net.thucydides.core.model.TestStep.getResultFromChildren(TestStep.java:286)
	at net.thucydides.core.model.TestStep.getResult(TestStep.java:268)
	at net.thucydides.core.model.TestStep.getChildResults(TestStep.java:293)
	at net.thucydides.core.model.TestStep.getResultFromChildren(TestStep.java:286)
	at net.thucydides.core.model.TestStep.getResult(TestStep.java:268)
	at net.thucydides.core.model.TestStep.getChildResults(TestStep.java:293)
	at net.thucydides.core.model.TestStep.getResultFromChildren(TestStep.java:286)
	at net.thucydides.core.model.TestStep.getResult(TestStep.java:268)
	at net.thucydides.core.model.TestStep.getChildResults(TestStep.java:293)
	at net.thucydides.core.model.TestStep.getResultFromChildren(TestStep.java:286)
	at net.thucydides.core.model.TestStep.getResult(TestStep.java:268)
	at net.thucydides.core.model.TestStep.getChildResults(TestStep.java:293)
	at net.thucydides.core.model.TestStep.getResultFromChildren(TestStep.java:286)
	at net.thucydides.core.model.TestStep.getResult(TestStep.java:268)
	at net.thucydides.core.model.TestStep.getChildResults(TestStep.java:293)
	at net.thucydides.core.model.TestStep.getResultFromChildren(TestStep.java:286)
	at net.thucydides.core.model.TestStep.getResult(TestStep.java:268)
	at net.thucydides.core.model.TestStep.getChildResults(TestStep.java:293)
	at net.thucydides.core.model.TestStep.getResultFromChildren(TestStep.java:286)
	at net.thucydides.core.model.TestStep.getResult(TestStep.java:268)
	at net.thucydides.core.model.TestStep.getChildResults(TestStep.java:293)
	at net.thucydides.core.model.TestStep.getResultFromChildren(TestStep.java:286)
	at net.thucydides.core.model.TestStep.getResult(TestStep.java:268)
	at net.thucydides.core.model.TestStep.getChildResults(TestStep.java:293)
	at net.thucydides.core.model.TestStep.getResultFromChildren(TestStep.java:286)
	at net.thucydides.core.model.TestStep.getResult(TestStep.java:268)
	at net.thucydides.core.model.TestStep.getChildResults(TestStep.java:293)
	at net.thucydides.core.model.TestStep.getResultFromChildren(TestStep.java:286)

