<?xml version="1.0" encoding="UTF-8"?><testsuite errors="0" failures="1" name="Health Check" skipped="0" tests="2" time="4.56" timestamp="2021-10-10T15:36:48.217+01:00[Europe/London]"><testcase name="User should able to get access token"/><testcase name="Validate auth status"><failure message="1 expectation failed.&#10;Expected status code &lt;200&gt; but was &lt;403&gt;.&#10;" type="java.lang.AssertionError">1 expectation failed.
Expected status code &lt;200&gt; but was &lt;403&gt;.
</failure><system-err>1 expectation failed.
Expected status code &lt;200&gt; but was &lt;403&gt;.
&#13;
io.restassured.internal.ResponseSpecificationImpl.validateResponseIfRequired(ResponseSpecificationImpl.groovy:636)&#13;
io.restassured.internal.ResponseSpecificationImpl.statusCode(ResponseSpecificationImpl.groovy:122)&#13;
io.restassured.internal.ResponseSpecificationImpl.statusCode(ResponseSpecificationImpl.groovy:130)&#13;
io.restassured.internal.ValidatableResponseOptionsImpl.statusCode(ValidatableResponseOptionsImpl.java:117)&#13;
co.oplo.cucumber.steps.MyStepdefs.tokenIsValidate(MyStepdefs.java:43)&#13;
✽.Then Token is validate(healthcheck.feature:10)&#13;
</system-err></testcase></testsuite>