<?xml version="1.0" encoding="UTF-8"?><testsuite errors="0" failures="1" name="co.oplo.rough.AuthTest" skipped="0" tests="1" time="4.2" timestamp="2021-10-10T15:34:34.818+01:00[Europe/London]"><testcase classname="co.oplo.rough.AuthTest" name="Get access token"><failure message="1 expectation failed.&#10;Expected status code &lt;200&gt; but was &lt;403&gt;.&#10;" type="java.lang.AssertionError">1 expectation failed.
Expected status code &lt;200&gt; but was &lt;403&gt;.
</failure><system-err>1 expectation failed.
Expected status code &lt;200&gt; but was &lt;403&gt;.
&#13;
io.restassured.internal.ResponseSpecificationImpl.validateResponseIfRequired(ResponseSpecificationImpl.groovy:636)&#13;
io.restassured.internal.ResponseSpecificationImpl.statusCode(ResponseSpecificationImpl.groovy:122)&#13;
io.restassured.internal.ResponseSpecificationImpl.statusCode(ResponseSpecificationImpl.groovy:130)&#13;
io.restassured.internal.ValidatableResponseOptionsImpl.statusCode(ValidatableResponseOptionsImpl.java:117)&#13;
co.oplo.rough.AuthTest.getAccessToken(AuthTest.java:25)&#13;
</system-err></testcase></testsuite>